<?xml version="1.0" ?>
<coverage version="7.6.1" timestamp="1724057685866" lines-valid="3952" lines-covered="2168" line-rate="0.5486" branches-valid="1469" branches-covered="516" branch-rate="0.3513" complexity="0">
	<!-- Generated by coverage.py: https://coverage.readthedocs.io/en/7.6.1 -->
	<!-- Based on https://raw.githubusercontent.com/cobertura/web/master/htdocs/xml/coverage-04.dtd -->
	<sources>
		<source>/home/ubuntu/mongodb-operator</source>
	</sources>
	<packages>
		<package name="lib.charms.mongodb.v0" line-rate="0.5599" branch-rate="0.3581" complexity="0">
			<classes>
				<class name="config_server_interface.py" filename="lib/charms/mongodb/v0/config_server_interface.py" complexity="0" line-rate="0.3125" branch-rate="0.1429">
					<methods/>
					<lines>
						<line number="9" hits="1"/>
						<line number="10" hits="1"/>
						<line number="12" hits="1"/>
						<line number="16" hits="1"/>
						<line number="17" hits="1"/>
						<line number="18" hits="1"/>
						<line number="19" hits="1"/>
						<line number="27" hits="1"/>
						<line number="29" hits="1"/>
						<line number="30" hits="1"/>
						<line number="31" hits="1"/>
						<line number="32" hits="1"/>
						<line number="33" hits="1"/>
						<line number="34" hits="1"/>
						<line number="35" hits="1"/>
						<line number="38" hits="1"/>
						<line number="41" hits="1"/>
						<line number="45" hits="1"/>
						<line number="48" hits="1"/>
						<line number="51" hits="1"/>
						<line number="55" hits="1"/>
						<line number="56" hits="1"/>
						<line number="57" hits="1"/>
						<line number="59" hits="1"/>
						<line number="60" hits="1"/>
						<line number="64" hits="1"/>
						<line number="68" hits="1"/>
						<line number="72" hits="1"/>
						<line number="74" hits="1" branch="true" condition-coverage="100% (2/2)"/>
						<line number="75" hits="1"/>
						<line number="76" hits="1"/>
						<line number="77" hits="1"/>
						<line number="79" hits="1" branch="true" condition-coverage="100% (2/2)"/>
						<line number="80" hits="1"/>
						<line number="83" hits="1"/>
						<line number="85" hits="1" branch="true" condition-coverage="50% (1/2)" missing-branches="86"/>
						<line number="86" hits="0"/>
						<line number="88" hits="1" branch="true" condition-coverage="50% (1/2)" missing-branches="89"/>
						<line number="89" hits="0"/>
						<line number="92" hits="0"/>
						<line number="93" hits="0"/>
						<line number="95" hits="1"/>
						<line number="97" hits="1"/>
						<line number="99" hits="1"/>
						<line number="103" hits="1" branch="true" condition-coverage="100% (2/2)"/>
						<line number="104" hits="1"/>
						<line number="106" hits="1"/>
						<line number="108" hits="1"/>
						<line number="110" hits="0" branch="true" condition-coverage="0% (0/2)" missing-branches="111,120"/>
						<line number="111" hits="0" branch="true" condition-coverage="0% (0/2)" missing-branches="112,117"/>
						<line number="112" hits="0"/>
						<line number="117" hits="0"/>
						<line number="118" hits="0"/>
						<line number="120" hits="0"/>
						<line number="123" hits="0"/>
						<line number="125" hits="0"/>
						<line number="133" hits="0"/>
						<line number="136" hits="0" branch="true" condition-coverage="0% (0/2)" missing-branches="137,139"/>
						<line number="137" hits="0"/>
						<line number="139" hits="0"/>
						<line number="141" hits="1"/>
						<line number="142" hits="0" branch="true" condition-coverage="0% (0/2)" missing-branches="143,148"/>
						<line number="143" hits="0"/>
						<line number="148" hits="0"/>
						<line number="149" hits="0" branch="true" condition-coverage="0% (0/2)" missing-branches="150,156"/>
						<line number="150" hits="0"/>
						<line number="153" hits="0"/>
						<line number="154" hits="0"/>
						<line number="156" hits="0" branch="true" condition-coverage="0% (0/2)" missing-branches="157,160"/>
						<line number="157" hits="0"/>
						<line number="158" hits="0"/>
						<line number="160" hits="0" branch="true" condition-coverage="0% (0/2)" missing-branches="161,164"/>
						<line number="161" hits="0"/>
						<line number="162" hits="0"/>
						<line number="164" hits="0"/>
						<line number="166" hits="1"/>
						<line number="168" hits="1" branch="true" condition-coverage="100% (2/2)"/>
						<line number="169" hits="1"/>
						<line number="170" hits="1"/>
						<line number="172" hits="1"/>
						<line number="174" hits="1" branch="true" condition-coverage="50% (1/2)" missing-branches="175"/>
						<line number="175" hits="0"/>
						<line number="177" hits="1" branch="true" condition-coverage="50% (1/2)" missing-branches="178"/>
						<line number="178" hits="0"/>
						<line number="185" hits="1"/>
						<line number="187" hits="1"/>
						<line number="188" hits="1"/>
						<line number="189" hits="1" branch="true" condition-coverage="100% (2/2)"/>
						<line number="190" hits="1"/>
						<line number="192" hits="1"/>
						<line number="193" hits="1"/>
						<line number="195" hits="1"/>
						<line number="197" hits="0" branch="true" condition-coverage="0% (0/2)" missing-branches="exit,198"/>
						<line number="198" hits="0" branch="true" condition-coverage="0% (0/2)" missing-branches="199,201"/>
						<line number="199" hits="0"/>
						<line number="201" hits="0"/>
						<line number="204" hits="1"/>
						<line number="207" hits="1"/>
						<line number="214" hits="0"/>
						<line number="215" hits="0"/>
						<line number="216" hits="0"/>
						<line number="217" hits="0"/>
						<line number="226" hits="0"/>
						<line number="227" hits="0"/>
						<line number="232" hits="0"/>
						<line number="235" hits="0"/>
						<line number="238" hits="0"/>
						<line number="242" hits="0"/>
						<line number="246" hits="1"/>
						<line number="247" hits="0" branch="true" condition-coverage="0% (0/2)" missing-branches="248,254"/>
						<line number="248" hits="0"/>
						<line number="251" hits="0"/>
						<line number="252" hits="0"/>
						<line number="254" hits="0" branch="true" condition-coverage="0% (0/2)" missing-branches="255,257"/>
						<line number="255" hits="0"/>
						<line number="257" hits="0"/>
						<line number="258" hits="0"/>
						<line number="259" hits="0"/>
						<line number="262" hits="0" branch="true" condition-coverage="0% (0/2)" missing-branches="exit,263"/>
						<line number="263" hits="0"/>
						<line number="265" hits="1"/>
						<line number="267" hits="0" branch="true" condition-coverage="0% (0/2)" missing-branches="268,271"/>
						<line number="268" hits="0"/>
						<line number="269" hits="0"/>
						<line number="271" hits="0"/>
						<line number="274" hits="0"/>
						<line number="277" hits="0" branch="true" condition-coverage="0% (0/2)" missing-branches="278,283"/>
						<line number="278" hits="0"/>
						<line number="281" hits="0"/>
						<line number="283" hits="0"/>
						<line number="284" hits="0"/>
						<line number="287" hits="0" branch="true" condition-coverage="0% (0/2)" missing-branches="288,291"/>
						<line number="288" hits="0"/>
						<line number="291" hits="0"/>
						<line number="292" hits="0"/>
						<line number="293" hits="0"/>
						<line number="296" hits="0" branch="true" condition-coverage="0% (0/2)" missing-branches="297,302"/>
						<line number="297" hits="0"/>
						<line number="298" hits="0"/>
						<line number="299" hits="0"/>
						<line number="300" hits="0"/>
						<line number="302" hits="0"/>
						<line number="303" hits="0"/>
						<line number="305" hits="1"/>
						<line number="307" hits="0" branch="true" condition-coverage="0% (0/2)" missing-branches="308,314"/>
						<line number="308" hits="0"/>
						<line number="311" hits="0"/>
						<line number="312" hits="0"/>
						<line number="314" hits="0" branch="true" condition-coverage="0% (0/2)" missing-branches="315,318"/>
						<line number="315" hits="0"/>
						<line number="316" hits="0"/>
						<line number="318" hits="0"/>
						<line number="319" hits="0"/>
						<line number="321" hits="0" branch="true" condition-coverage="0% (0/2)" missing-branches="322,324"/>
						<line number="322" hits="0"/>
						<line number="324" hits="0"/>
						<line number="325" hits="0"/>
						<line number="326" hits="0"/>
						<line number="329" hits="0" branch="true" condition-coverage="0% (0/2)" missing-branches="exit,330"/>
						<line number="330" hits="0"/>
						<line number="333" hits="1"/>
						<line number="335" hits="0" branch="true" condition-coverage="0% (0/2)" missing-branches="336,343"/>
						<line number="336" hits="0"/>
						<line number="340" hits="0"/>
						<line number="341" hits="0"/>
						<line number="343" hits="0" branch="true" condition-coverage="0% (0/2)" missing-branches="344,351"/>
						<line number="344" hits="0"/>
						<line number="348" hits="0"/>
						<line number="349" hits="0"/>
						<line number="351" hits="0" branch="true" condition-coverage="0% (0/2)" missing-branches="352,360"/>
						<line number="352" hits="0"/>
						<line number="357" hits="0"/>
						<line number="358" hits="0"/>
						<line number="360" hits="0" branch="true" condition-coverage="0% (0/2)" missing-branches="361,367"/>
						<line number="361" hits="0"/>
						<line number="364" hits="0"/>
						<line number="365" hits="0"/>
						<line number="367" hits="0"/>
						<line number="369" hits="1"/>
						<line number="371" hits="0"/>
						<line number="374" hits="0" branch="true" condition-coverage="0% (0/2)" missing-branches="375,377"/>
						<line number="375" hits="0"/>
						<line number="377" hits="0" branch="true" condition-coverage="0% (0/2)" missing-branches="exit,378"/>
						<line number="378" hits="0"/>
						<line number="380" hits="1"/>
						<line number="382" hits="0" branch="true" condition-coverage="0% (0/2)" missing-branches="383,385"/>
						<line number="383" hits="0"/>
						<line number="385" hits="0" branch="true" condition-coverage="0% (0/2)" missing-branches="386,388"/>
						<line number="386" hits="0"/>
						<line number="388" hits="0"/>
						<line number="390" hits="1"/>
						<line number="394" hits="0"/>
						<line number="395" hits="0" branch="true" condition-coverage="0% (0/2)" missing-branches="396,399"/>
						<line number="396" hits="0"/>
						<line number="399" hits="0"/>
						<line number="403" hits="0" branch="true" condition-coverage="0% (0/2)" missing-branches="404,408"/>
						<line number="404" hits="0"/>
						<line number="408" hits="0"/>
						<line number="410" hits="1"/>
						<line number="412" hits="0" branch="true" condition-coverage="0% (0/2)" missing-branches="413,415"/>
						<line number="413" hits="0"/>
						<line number="415" hits="0" branch="true" condition-coverage="0% (0/2)" missing-branches="416,418"/>
						<line number="416" hits="0"/>
						<line number="418" hits="0" branch="true" condition-coverage="0% (0/2)" missing-branches="419,424"/>
						<line number="419" hits="0"/>
						<line number="422" hits="0"/>
						<line number="424" hits="0"/>
						<line number="426" hits="1"/>
						<line number="428" hits="0" branch="true" condition-coverage="0% (0/2)" missing-branches="429,432"/>
						<line number="429" hits="0"/>
						<line number="432" hits="0"/>
						<line number="434" hits="1"/>
						<line number="436" hits="0"/>
						<line number="441" hits="1"/>
						<line number="443" hits="0"/>
						<line number="445" hits="0" branch="true" condition-coverage="0% (0/2)" missing-branches="446,448"/>
						<line number="446" hits="0"/>
						<line number="448" hits="0"/>
						<line number="452" hits="0"/>
						<line number="457" hits="0" branch="true" condition-coverage="0% (0/2)" missing-branches="458,460"/>
						<line number="458" hits="0"/>
						<line number="460" hits="0"/>
						<line number="462" hits="1"/>
						<line number="464" hits="0"/>
						<line number="465" hits="0" branch="true" condition-coverage="0% (0/2)" missing-branches="466,468"/>
						<line number="466" hits="0"/>
						<line number="468" hits="0"/>
						<line number="469" hits="0"/>
						<line number="473" hits="0" branch="true" condition-coverage="0% (0/2)" missing-branches="474,476"/>
						<line number="474" hits="0"/>
						<line number="476" hits="0"/>
						<line number="478" hits="1"/>
						<line number="480" hits="0"/>
						<line number="481" hits="0" branch="true" condition-coverage="0% (0/2)" missing-branches="482,484"/>
						<line number="482" hits="0"/>
						<line number="484" hits="0"/>
						<line number="485" hits="0"/>
						<line number="489" hits="0" branch="true" condition-coverage="0% (0/2)" missing-branches="490,492"/>
						<line number="490" hits="0"/>
						<line number="492" hits="0"/>
					</lines>
				</class>
				<class name="mongo.py" filename="lib/charms/mongodb/v0/mongo.py" complexity="0" line-rate="0.7952" branch-rate="0.5455">
					<methods/>
					<lines>
						<line number="5" hits="1"/>
						<line number="6" hits="1"/>
						<line number="7" hits="1"/>
						<line number="8" hits="1"/>
						<line number="9" hits="1"/>
						<line number="11" hits="1"/>
						<line number="12" hits="1"/>
						<line number="13" hits="1"/>
						<line number="19" hits="1"/>
						<line number="24" hits="1"/>
						<line number="27" hits="1"/>
						<line number="31" hits="1"/>
						<line number="33" hits="1"/>
						<line number="36" hits="1"/>
						<line number="39" hits="1" branch="true" condition-coverage="100% (2/2)"/>
						<line number="40" hits="1"/>
						<line number="43" hits="1"/>
						<line number="45" hits="0" branch="true" condition-coverage="0% (0/2)" missing-branches="46,47"/>
						<line number="46" hits="0"/>
						<line number="47" hits="0"/>
						<line number="50" hits="1" branch="true" condition-coverage="100% (2/2)"/>
						<line number="51" hits="1"/>
						<line number="64" hits="1"/>
						<line number="65" hits="1"/>
						<line number="66" hits="1"/>
						<line number="67" hits="1"/>
						<line number="68" hits="1"/>
						<line number="69" hits="1"/>
						<line number="70" hits="1"/>
						<line number="72" hits="1"/>
						<line number="73" hits="1"/>
						<line number="74" hits="1"/>
						<line number="76" hits="0"/>
						<line number="79" hits="1"/>
						<line number="102" hits="1"/>
						<line number="111" hits="1"/>
						<line number="113" hits="1" branch="true" condition-coverage="50% (1/2)" missing-branches="116"/>
						<line number="114" hits="1"/>
						<line number="116" hits="1"/>
						<line number="123" hits="1"/>
						<line number="125" hits="1"/>
						<line number="127" hits="1"/>
						<line number="129" hits="1"/>
						<line number="131" hits="1"/>
						<line number="132" hits="1"/>
						<line number="134" hits="1"/>
						<line number="135" hits="1"/>
						<line number="145" hits="1"/>
						<line number="146" hits="1" branch="true" condition-coverage="50% (1/2)" missing-branches="153"/>
						<line number="147" hits="1" branch="true" condition-coverage="100% (2/2)"/>
						<line number="149" hits="1"/>
						<line number="150" hits="1"/>
						<line number="151" hits="1"/>
						<line number="153" hits="0"/>
						<line number="155" hits="1"/>
						<line number="160" hits="1"/>
						<line number="168" hits="1"/>
						<line number="170" hits="1"/>
						<line number="176" hits="1"/>
						<line number="178" hits="0"/>
						<line number="184" hits="1"/>
						<line number="192" hits="0"/>
						<line number="193" hits="0"/>
						<line number="196" hits="0"/>
						<line number="197" hits="0" branch="true" condition-coverage="0% (0/2)" missing-branches="exit,198"/>
						<line number="198" hits="0"/>
						<line number="199" hits="0"/>
						<line number="201" hits="1"/>
						<line number="202" hits="1"/>
						<line number="204" hits="1"/>
						<line number="226" hits="1" branch="true" condition-coverage="100% (2/2)"/>
						<line number="228" hits="1"/>
						<line number="230" hits="1"/>
						<line number="232" hits="1"/>
						<line number="234" hits="1"/>
						<line number="235" hits="1" branch="true" condition-coverage="100% (2/2)"/>
						<line number="243" hits="1"/>
						<line number="245" hits="0"/>
						<line number="246" hits="0" branch="true" condition-coverage="0% (0/2)" missing-branches="exit,exit"/>
						<line number="248" hits="1"/>
						<line number="250" hits="0" branch="true" condition-coverage="0% (0/2)" missing-branches="251,252"/>
						<line number="251" hits="0"/>
						<line number="252" hits="0"/>
					</lines>
				</class>
				<class name="mongodb_secrets.py" filename="lib/charms/mongodb/v0/mongodb_secrets.py" complexity="0" line-rate="0.8462" branch-rate="0.5556">
					<methods/>
					<lines>
						<line number="6" hits="1"/>
						<line number="8" hits="1"/>
						<line number="9" hits="1"/>
						<line number="10" hits="1"/>
						<line number="12" hits="1"/>
						<line number="13" hits="1"/>
						<line number="18" hits="1"/>
						<line number="21" hits="1"/>
						<line number="25" hits="1"/>
						<line number="27" hits="1"/>
						<line number="28" hits="1"/>
						<line number="29" hits="1"/>
						<line number="32" hits="1"/>
						<line number="39" hits="1"/>
						<line number="40" hits="1"/>
						<line number="46" hits="1"/>
						<line number="53" hits="1"/>
						<line number="54" hits="1"/>
						<line number="55" hits="1"/>
						<line number="56" hits="1"/>
						<line number="57" hits="1"/>
						<line number="58" hits="1"/>
						<line number="60" hits="1"/>
						<line number="62" hits="1" branch="true" condition-coverage="50% (1/2)" missing-branches="63"/>
						<line number="63" hits="0"/>
						<line number="67" hits="1" branch="true" condition-coverage="100% (2/2)"/>
						<line number="68" hits="1"/>
						<line number="70" hits="1"/>
						<line number="71" hits="1"/>
						<line number="72" hits="1"/>
						<line number="73" hits="1"/>
						<line number="75" hits="1"/>
						<line number="76" hits="1"/>
						<line number="78" hits="1" branch="true" condition-coverage="100% (2/2)"/>
						<line number="79" hits="1"/>
						<line number="81" hits="1" branch="true" condition-coverage="50% (1/2)" missing-branches="82"/>
						<line number="82" hits="0"/>
						<line number="84" hits="1"/>
						<line number="85" hits="1"/>
						<line number="86" hits="1"/>
						<line number="87" hits="1" branch="true" condition-coverage="50% (1/2)" missing-branches="88"/>
						<line number="88" hits="0"/>
						<line number="91" hits="1"/>
						<line number="93" hits="1"/>
						<line number="95" hits="1" branch="true" condition-coverage="100% (2/2)"/>
						<line number="96" hits="1" branch="true" condition-coverage="50% (1/2)" missing-branches="112"/>
						<line number="97" hits="1"/>
						<line number="98" hits="1"/>
						<line number="99" hits="0"/>
						<line number="102" hits="0"/>
						<line number="106" hits="0" branch="true" condition-coverage="0% (0/3)" missing-branches="exit,109,111"/>
						<line number="109" hits="0"/>
						<line number="111" hits="0"/>
						<line number="112" hits="1"/>
						<line number="114" hits="1"/>
						<line number="116" hits="1" branch="true" condition-coverage="50% (1/2)" missing-branches="exit"/>
						<line number="117" hits="1"/>
						<line number="118" hits="1"/>
						<line number="120" hits="1"/>
						<line number="122" hits="0" branch="true" condition-coverage="0% (0/2)" missing-branches="exit,123"/>
						<line number="123" hits="0"/>
						<line number="126" hits="1"/>
						<line number="129" hits="1"/>
						<line number="130" hits="1"/>
						<line number="131" hits="1"/>
						<line number="133" hits="1"/>
						<line number="135" hits="1" branch="true" condition-coverage="100% (2/2)"/>
						<line number="136" hits="1"/>
						<line number="137" hits="1" branch="true" condition-coverage="50% (1/2)" missing-branches="138"/>
						<line number="138" hits="0"/>
						<line number="139" hits="1"/>
						<line number="141" hits="1"/>
						<line number="143" hits="1" branch="true" condition-coverage="50% (1/2)" missing-branches="144"/>
						<line number="144" hits="0"/>
						<line number="146" hits="1"/>
						<line number="147" hits="1"/>
						<line number="148" hits="1"/>
						<line number="149" hits="1"/>
					</lines>
				</class>
				<class name="set_status.py" filename="lib/charms/mongodb/v0/set_status.py" complexity="0" line-rate="0.6917" branch-rate="0.5294">
					<methods/>
					<lines>
						<line number="5" hits="1"/>
						<line number="6" hits="1"/>
						<line number="7" hits="1"/>
						<line number="9" hits="1"/>
						<line number="10" hits="1"/>
						<line number="11" hits="1"/>
						<line number="12" hits="1"/>
						<line number="13" hits="1"/>
						<line number="15" hits="1"/>
						<line number="18" hits="1"/>
						<line number="21" hits="1"/>
						<line number="25" hits="1"/>
						<line number="27" hits="1"/>
						<line number="28" hits="1"/>
						<line number="29" hits="1"/>
						<line number="32" hits="1"/>
						<line number="35" hits="1"/>
						<line number="38" hits="1"/>
						<line number="47" hits="1"/>
						<line number="48" hits="1"/>
						<line number="54" hits="1"/>
						<line number="58" hits="1"/>
						<line number="60" hits="1"/>
						<line number="62" hits="1" branch="true" condition-coverage="100% (2/2)"/>
						<line number="63" hits="1"/>
						<line number="65" hits="1"/>
						<line number="68" hits="1"/>
						<line number="74" hits="1" branch="true" condition-coverage="50% (1/2)" missing-branches="75"/>
						<line number="75" hits="0"/>
						<line number="77" hits="1" branch="true" condition-coverage="50% (1/2)" missing-branches="78"/>
						<line number="78" hits="0"/>
						<line number="80" hits="1"/>
						<line number="84" hits="1"/>
						<line number="91" hits="1" branch="true" condition-coverage="100% (2/2)"/>
						<line number="92" hits="1"/>
						<line number="94" hits="1" branch="true" condition-coverage="100% (2/2)"/>
						<line number="95" hits="1"/>
						<line number="97" hits="1" branch="true" condition-coverage="50% (1/2)" missing-branches="100"/>
						<line number="98" hits="1"/>
						<line number="100" hits="0"/>
						<line number="102" hits="1"/>
						<line number="104" hits="1"/>
						<line number="107" hits="1" branch="true" condition-coverage="100% (2/2)"/>
						<line number="108" hits="1" branch="true" condition-coverage="50% (1/2)" missing-branches="109"/>
						<line number="109" hits="0"/>
						<line number="110" hits="1" branch="true" condition-coverage="100% (2/2)"/>
						<line number="111" hits="1"/>
						<line number="112" hits="1" branch="true" condition-coverage="50% (1/2)" missing-branches="107"/>
						<line number="113" hits="1"/>
						<line number="115" hits="1"/>
						<line number="117" hits="1"/>
						<line number="123" hits="0" branch="true" condition-coverage="0% (0/2)" missing-branches="124,126"/>
						<line number="124" hits="0"/>
						<line number="126" hits="0" branch="true" condition-coverage="0% (0/2)" missing-branches="127,135"/>
						<line number="127" hits="0" branch="true" condition-coverage="0% (0/2)" missing-branches="126,128"/>
						<line number="128" hits="0"/>
						<line number="129" hits="0"/>
						<line number="132" hits="0" branch="true" condition-coverage="0% (0/2)" missing-branches="127,133"/>
						<line number="133" hits="0"/>
						<line number="135" hits="0"/>
						<line number="137" hits="1"/>
						<line number="139" hits="1" branch="true" condition-coverage="50% (1/2)" missing-branches="140"/>
						<line number="140" hits="0"/>
						<line number="142" hits="1" branch="true" condition-coverage="50% (1/2)" missing-branches="145"/>
						<line number="143" hits="1"/>
						<line number="145" hits="0"/>
						<line number="149" hits="1"/>
						<line number="151" hits="0"/>
						<line number="152" hits="0"/>
						<line number="153" hits="0" branch="true" condition-coverage="0% (0/2)" missing-branches="154,156"/>
						<line number="154" hits="0"/>
						<line number="156" hits="0" branch="true" condition-coverage="0% (0/2)" missing-branches="157,159"/>
						<line number="157" hits="0"/>
						<line number="159" hits="0" branch="true" condition-coverage="0% (0/2)" missing-branches="160,162"/>
						<line number="160" hits="0"/>
						<line number="162" hits="0"/>
						<line number="164" hits="1"/>
						<line number="174" hits="1"/>
						<line number="177" hits="1"/>
						<line number="178" hits="1"/>
						<line number="179" hits="1"/>
						<line number="180" hits="0" branch="true" condition-coverage="0% (0/2)" missing-branches="181,189"/>
						<line number="181" hits="0" branch="true" condition-coverage="0% (0/2)" missing-branches="182,183"/>
						<line number="182" hits="0"/>
						<line number="183" hits="0" branch="true" condition-coverage="0% (0/2)" missing-branches="184,188"/>
						<line number="184" hits="0"/>
						<line number="188" hits="0"/>
						<line number="189" hits="0"/>
						<line number="190" hits="0"/>
						<line number="192" hits="1" branch="true" condition-coverage="50% (1/2)" missing-branches="193"/>
						<line number="193" hits="0"/>
						<line number="195" hits="1"/>
						<line number="197" hits="1"/>
						<line number="199" hits="1"/>
						<line number="202" hits="1"/>
						<line number="203" hits="1"/>
						<line number="204" hits="1"/>
						<line number="205" hits="1"/>
						<line number="207" hits="1"/>
						<line number="209" hits="1"/>
						<line number="211" hits="1" branch="true" condition-coverage="100% (2/2)"/>
						<line number="212" hits="1"/>
						<line number="214" hits="1" branch="true" condition-coverage="50% (1/2)" missing-branches="215"/>
						<line number="215" hits="0"/>
						<line number="217" hits="1" branch="true" condition-coverage="50% (1/2)" missing-branches="218"/>
						<line number="218" hits="0"/>
						<line number="220" hits="1" branch="true" condition-coverage="100% (2/2)"/>
						<line number="221" hits="1"/>
						<line number="224" hits="1"/>
						<line number="227" hits="1"/>
						<line number="229" hits="1"/>
						<line number="230" hits="1" branch="true" condition-coverage="100% (2/2)"/>
						<line number="231" hits="1"/>
						<line number="233" hits="1" branch="true" condition-coverage="100% (2/2)"/>
						<line number="234" hits="1"/>
						<line number="236" hits="1"/>
						<line number="238" hits="1"/>
						<line number="239" hits="1" branch="true" condition-coverage="100% (2/2)"/>
						<line number="240" hits="1"/>
						<line number="241" hits="1" branch="true" condition-coverage="100% (2/2)"/>
						<line number="242" hits="1"/>
						<line number="243" hits="1" branch="true" condition-coverage="100% (2/2)"/>
						<line number="244" hits="1"/>
						<line number="245" hits="1" branch="true" condition-coverage="100% (2/2)"/>
						<line number="246" hits="1"/>
						<line number="247" hits="1"/>
						<line number="248" hits="1"/>
						<line number="249" hits="0" branch="true" condition-coverage="0% (0/2)" missing-branches="251,253"/>
						<line number="251" hits="0"/>
						<line number="252" hits="0"/>
						<line number="253" hits="0"/>
						<line number="256" hits="0"/>
						<line number="257" hits="0"/>
					</lines>
				</class>
			</classes>
		</package>
		<package name="lib.charms.mongodb.v1" line-rate="0.5171" branch-rate="0.3133" complexity="0">
			<classes>
				<class name="helpers.py" filename="lib/charms/mongodb/v1/helpers.py" complexity="0" line-rate="0.7064" branch-rate="0.5238">
					<methods/>
					<lines>
						<line number="5" hits="1"/>
						<line number="6" hits="1"/>
						<line number="7" hits="1"/>
						<line number="8" hits="1"/>
						<line number="9" hits="1"/>
						<line number="10" hits="1"/>
						<line number="11" hits="1"/>
						<line number="13" hits="1"/>
						<line number="14" hits="1"/>
						<line number="16" hits="1"/>
						<line number="19" hits="1"/>
						<line number="22" hits="1"/>
						<line number="26" hits="1"/>
						<line number="29" hits="1"/>
						<line number="30" hits="1"/>
						<line number="31" hits="1"/>
						<line number="32" hits="1"/>
						<line number="33" hits="1"/>
						<line number="35" hits="1"/>
						<line number="36" hits="1"/>
						<line number="38" hits="1"/>
						<line number="40" hits="1"/>
						<line number="41" hits="1"/>
						<line number="42" hits="1"/>
						<line number="43" hits="1"/>
						<line number="44" hits="1"/>
						<line number="47" hits="1"/>
						<line number="53" hits="1"/>
						<line number="54" hits="1" branch="true" condition-coverage="100% (2/2)"/>
						<line number="55" hits="1"/>
						<line number="56" hits="1"/>
						<line number="59" hits="1"/>
						<line number="65" hits="1"/>
						<line number="66" hits="1" branch="true" condition-coverage="100% (2/2)"/>
						<line number="67" hits="1"/>
						<line number="68" hits="1"/>
						<line number="76" hits="1"/>
						<line number="87" hits="1"/>
						<line number="106" hits="1"/>
						<line number="118" hits="0"/>
						<line number="125" hits="0"/>
						<line number="127" hits="0"/>
						<line number="128" hits="0"/>
						<line number="140" hits="0" branch="true" condition-coverage="0% (0/2)" missing-branches="141,152"/>
						<line number="141" hits="0"/>
						<line number="152" hits="0" branch="true" condition-coverage="0% (0/2)" missing-branches="153,163"/>
						<line number="153" hits="0"/>
						<line number="163" hits="0"/>
						<line number="170" hits="0"/>
						<line number="171" hits="0"/>
						<line number="174" hits="1"/>
						<line number="185" hits="1"/>
						<line number="186" hits="1"/>
						<line number="187" hits="1"/>
						<line number="188" hits="1"/>
						<line number="189" hits="1"/>
						<line number="204" hits="1"/>
						<line number="205" hits="1" branch="true" condition-coverage="100% (2/2)"/>
						<line number="206" hits="1"/>
						<line number="208" hits="1" branch="true" condition-coverage="100% (2/2)"/>
						<line number="210" hits="1"/>
						<line number="217" hits="1" branch="true" condition-coverage="50% (1/2)" missing-branches="218"/>
						<line number="218" hits="0"/>
						<line number="229" hits="1" branch="true" condition-coverage="50% (1/2)" missing-branches="230"/>
						<line number="230" hits="0"/>
						<line number="239" hits="1" branch="true" condition-coverage="50% (1/2)" missing-branches="240"/>
						<line number="240" hits="0"/>
						<line number="242" hits="1" branch="true" condition-coverage="50% (1/2)" missing-branches="243"/>
						<line number="243" hits="0"/>
						<line number="245" hits="1"/>
						<line number="246" hits="1"/>
						<line number="249" hits="1"/>
						<line number="255" hits="1"/>
						<line number="256" hits="1" branch="true" condition-coverage="100% (2/2)"/>
						<line number="259" hits="1"/>
						<line number="265" hits="1"/>
						<line number="266" hits="1" branch="true" condition-coverage="100% (2/2)"/>
						<line number="269" hits="1"/>
						<line number="271" hits="0"/>
						<line number="272" hits="0"/>
						<line number="273" hits="0"/>
						<line number="278" hits="1"/>
						<line number="280" hits="1"/>
						<line number="281" hits="1"/>
						<line number="284" hits="1"/>
						<line number="286" hits="1"/>
						<line number="288" hits="1" branch="true" condition-coverage="100% (2/2)"/>
						<line number="289" hits="1"/>
						<line number="291" hits="1" branch="true" condition-coverage="100% (2/2)"/>
						<line number="292" hits="1"/>
						<line number="293" hits="1"/>
						<line number="295" hits="1" branch="true" condition-coverage="50% (1/2)" missing-branches="296"/>
						<line number="296" hits="0"/>
						<line number="297" hits="0"/>
						<line number="299" hits="1" branch="true" condition-coverage="50% (1/2)" missing-branches="302"/>
						<line number="300" hits="1"/>
						<line number="302" hits="0"/>
						<line number="305" hits="1"/>
						<line number="307" hits="0" branch="true" condition-coverage="0% (0/2)" missing-branches="308,310"/>
						<line number="308" hits="0"/>
						<line number="310" hits="0"/>
						<line number="311" hits="0" branch="true" condition-coverage="0% (0/2)" missing-branches="312,318"/>
						<line number="312" hits="0" branch="true" condition-coverage="0% (0/2)" missing-branches="311,313"/>
						<line number="313" hits="0"/>
						<line number="314" hits="0"/>
						<line number="318" hits="0" branch="true" condition-coverage="0% (0/2)" missing-branches="319,321"/>
						<line number="319" hits="0"/>
						<line number="321" hits="0" branch="true" condition-coverage="0% (0/2)" missing-branches="exit,322"/>
						<line number="322" hits="0"/>
					</lines>
				</class>
				<class name="mongodb.py" filename="lib/charms/mongodb/v1/mongodb.py" complexity="0" line-rate="0.5" branch-rate="0.18">
					<methods/>
					<lines>
						<line number="6" hits="1"/>
						<line number="7" hits="1"/>
						<line number="8" hits="1"/>
						<line number="9" hits="1"/>
						<line number="11" hits="1"/>
						<line number="12" hits="1"/>
						<line number="13" hits="1"/>
						<line number="14" hits="1"/>
						<line number="24" hits="1"/>
						<line number="27" hits="1"/>
						<line number="30" hits="1"/>
						<line number="34" hits="1"/>
						<line number="37" hits="1"/>
						<line number="40" hits="1"/>
						<line number="44" hits="1" branch="true" condition-coverage="100% (2/2)"/>
						<line number="45" hits="1"/>
						<line number="48" hits="1"/>
						<line number="49" hits="1"/>
						<line number="51" hits="1"/>
						<line number="52" hits="1"/>
						<line number="54" hits="1"/>
						<line number="56" hits="1"/>
						<line number="57" hits="1" branch="true" condition-coverage="50% (1/2)" missing-branches="58"/>
						<line number="58" hits="0"/>
						<line number="60" hits="1" branch="true" condition-coverage="50% (1/2)" missing-branches="61"/>
						<line number="61" hits="0"/>
						<line number="67" hits="1"/>
						<line number="76" hits="1"/>
						<line number="97" hits="1"/>
						<line number="106" hits="1"/>
						<line number="108" hits="1"/>
						<line number="114" hits="1"/>
						<line number="120" hits="1" branch="true" condition-coverage="100% (2/2)"/>
						<line number="124" hits="1"/>
						<line number="125" hits="1"/>
						<line number="126" hits="1"/>
						<line number="127" hits="1" branch="true" condition-coverage="50% (1/2)" missing-branches="exit"/>
						<line number="132" hits="1"/>
						<line number="133" hits="1"/>
						<line number="135" hits="1"/>
						<line number="144" hits="0"/>
						<line number="145" hits="0"/>
						<line number="146" hits="0" branch="true" condition-coverage="0% (0/2)" missing-branches="147,150"/>
						<line number="147" hits="0"/>
						<line number="148" hits="0"/>
						<line number="150" hits="0"/>
						<line number="152" hits="1"/>
						<line number="161" hits="1"/>
						<line number="162" hits="0" branch="true" condition-coverage="0% (0/2)" missing-branches="exit,165"/>
						<line number="165" hits="0"/>
						<line number="167" hits="1"/>
						<line number="173" hits="1"/>
						<line number="174" hits="1"/>
						<line number="180" hits="1" branch="true" condition-coverage="50% (1/2)" missing-branches="186"/>
						<line number="182" hits="1"/>
						<line number="186" hits="0" branch="true" condition-coverage="0% (0/2)" missing-branches="exit,187"/>
						<line number="187" hits="0"/>
						<line number="189" hits="0"/>
						<line number="190" hits="0"/>
						<line number="191" hits="0"/>
						<line number="192" hits="0"/>
						<line number="194" hits="1"/>
						<line number="200" hits="1"/>
						<line number="206" hits="1"/>
						<line number="207" hits="1"/>
						<line number="211" hits="1" branch="true" condition-coverage="50% (1/2)" missing-branches="217"/>
						<line number="214" hits="1"/>
						<line number="217" hits="0"/>
						<line number="218" hits="0" branch="true" condition-coverage="0% (0/2)" missing-branches="219,221"/>
						<line number="219" hits="0"/>
						<line number="221" hits="0"/>
						<line number="222" hits="0" branch="true" condition-coverage="0% (0/2)" missing-branches="exit,227"/>
						<line number="227" hits="0"/>
						<line number="228" hits="0"/>
						<line number="230" hits="1"/>
						<line number="232" hits="0"/>
						<line number="234" hits="1"/>
						<line number="241" hits="0"/>
						<line number="242" hits="0" branch="true" condition-coverage="0% (0/2)" missing-branches="244,246"/>
						<line number="244" hits="0"/>
						<line number="246" hits="0"/>
						<line number="247" hits="0"/>
						<line number="248" hits="0"/>
						<line number="249" hits="0" branch="true" condition-coverage="0% (0/2)" missing-branches="250,260"/>
						<line number="250" hits="0" branch="true" condition-coverage="0% (0/2)" missing-branches="249,251"/>
						<line number="251" hits="0"/>
						<line number="252" hits="0" branch="true" condition-coverage="0% (0/2)" missing-branches="250,253"/>
						<line number="253" hits="0"/>
						<line number="254" hits="0"/>
						<line number="257" hits="0"/>
						<line number="260" hits="0"/>
						<line number="262" hits="0" branch="true" condition-coverage="0% (0/2)" missing-branches="exit,263"/>
						<line number="263" hits="0"/>
						<line number="265" hits="1"/>
						<line number="267" hits="0"/>
						<line number="268" hits="0"/>
						<line number="269" hits="0"/>
						<line number="274" hits="0"/>
						<line number="276" hits="0" branch="true" condition-coverage="0% (0/2)" missing-branches="277,282"/>
						<line number="277" hits="0" branch="true" condition-coverage="0% (0/2)" missing-branches="278,280"/>
						<line number="278" hits="0"/>
						<line number="280" hits="0"/>
						<line number="282" hits="0" branch="true" condition-coverage="0% (0/2)" missing-branches="283,285"/>
						<line number="283" hits="0"/>
						<line number="285" hits="0"/>
						<line number="286" hits="0"/>
						<line number="288" hits="1"/>
						<line number="295" hits="0" branch="true" condition-coverage="0% (0/2)" missing-branches="exit,exit"/>
						<line number="301" hits="1"/>
						<line number="303" hits="0"/>
						<line number="305" hits="0"/>
						<line number="307" hits="0" branch="true" condition-coverage="0% (0/2)" missing-branches="309,312"/>
						<line number="309" hits="0" branch="true" condition-coverage="0% (0/2)" missing-branches="307,310"/>
						<line number="310" hits="0"/>
						<line number="312" hits="0"/>
						<line number="314" hits="1"/>
						<line number="315" hits="1"/>
						<line number="324" hits="0" branch="true" condition-coverage="0% (0/2)" missing-branches="exit,exit"/>
						<line number="329" hits="1"/>
						<line number="330" hits="1"/>
						<line number="339" hits="0" branch="true" condition-coverage="0% (0/2)" missing-branches="exit,exit"/>
						<line number="341" hits="1"/>
						<line number="342" hits="1"/>
						<line number="350" hits="0"/>
					</lines>
				</class>
				<class name="mongodb_backups.py" filename="lib/charms/mongodb/v1/mongodb_backups.py" complexity="0" line-rate="0.7128" branch-rate="0.5854">
					<methods/>
					<lines>
						<line number="11" hits="1"/>
						<line number="12" hits="1"/>
						<line number="13" hits="1"/>
						<line number="14" hits="1"/>
						<line number="15" hits="1"/>
						<line number="16" hits="1"/>
						<line number="18" hits="1"/>
						<line number="19" hits="1"/>
						<line number="20" hits="1"/>
						<line number="21" hits="1"/>
						<line number="22" hits="1"/>
						<line number="23" hits="1"/>
						<line number="24" hits="1"/>
						<line number="25" hits="1"/>
						<line number="34" hits="1"/>
						<line number="37" hits="1"/>
						<line number="40" hits="1"/>
						<line number="44" hits="1"/>
						<line number="46" hits="1"/>
						<line number="48" hits="1"/>
						<line number="57" hits="1"/>
						<line number="58" hits="1"/>
						<line number="59" hits="1"/>
						<line number="60" hits="1"/>
						<line number="61" hits="1"/>
						<line number="62" hits="1"/>
						<line number="65" hits="1"/>
						<line number="68" hits="1"/>
						<line number="72" hits="1"/>
						<line number="76" hits="1"/>
						<line number="80" hits="1"/>
						<line number="84" hits="1"/>
						<line number="88" hits="1"/>
						<line number="89" hits="0"/>
						<line number="94" hits="1"/>
						<line number="95" hits="1" branch="true" condition-coverage="50% (1/2)" missing-branches="97"/>
						<line number="96" hits="1"/>
						<line number="97" hits="0"/>
						<line number="100" hits="1"/>
						<line number="101" hits="0" branch="true" condition-coverage="0% (0/2)" missing-branches="102,103"/>
						<line number="102" hits="0"/>
						<line number="103" hits="0"/>
						<line number="106" hits="1"/>
						<line number="109" hits="1"/>
						<line number="111" hits="1"/>
						<line number="112" hits="1"/>
						<line number="115" hits="1"/>
						<line number="116" hits="1"/>
						<line number="119" hits="1"/>
						<line number="122" hits="1"/>
						<line number="123" hits="1"/>
						<line number="124" hits="1"/>
						<line number="126" hits="1"/>
						<line number="128" hits="1" branch="true" condition-coverage="50% (1/2)" missing-branches="129"/>
						<line number="129" hits="0"/>
						<line number="132" hits="0"/>
						<line number="133" hits="0"/>
						<line number="135" hits="1" branch="true" condition-coverage="50% (1/2)" missing-branches="136"/>
						<line number="136" hits="0"/>
						<line number="139" hits="0"/>
						<line number="145" hits="1"/>
						<line number="149" hits="1"/>
						<line number="150" hits="1" branch="true" condition-coverage="50% (1/2)" missing-branches="151"/>
						<line number="151" hits="0"/>
						<line number="154" hits="0"/>
						<line number="155" hits="0"/>
						<line number="157" hits="1" branch="true" condition-coverage="50% (1/2)" missing-branches="158"/>
						<line number="158" hits="0"/>
						<line number="160" hits="1" branch="true" condition-coverage="100% (2/2)"/>
						<line number="161" hits="1"/>
						<line number="164" hits="1"/>
						<line number="166" hits="1" branch="true" condition-coverage="50% (1/2)" missing-branches="167"/>
						<line number="167" hits="0"/>
						<line number="170" hits="0"/>
						<line number="172" hits="1"/>
						<line number="174" hits="1"/>
						<line number="175" hits="1"/>
						<line number="176" hits="1" branch="true" condition-coverage="50% (1/2)" missing-branches="177"/>
						<line number="177" hits="0"/>
						<line number="178" hits="0"/>
						<line number="179" hits="0"/>
						<line number="181" hits="1" branch="true" condition-coverage="100% (2/2)"/>
						<line number="182" hits="1"/>
						<line number="186" hits="1" branch="true" condition-coverage="50% (1/2)" missing-branches="187"/>
						<line number="187" hits="0"/>
						<line number="190" hits="0"/>
						<line number="194" hits="1"/>
						<line number="195" hits="1"/>
						<line number="197" hits="1" branch="true" condition-coverage="50% (1/2)" missing-branches="198"/>
						<line number="198" hits="0"/>
						<line number="203" hits="0"/>
						<line number="205" hits="1" branch="true" condition-coverage="100% (2/2)"/>
						<line number="206" hits="1"/>
						<line number="211" hits="1"/>
						<line number="213" hits="1" branch="true" condition-coverage="100% (2/2)"/>
						<line number="214" hits="1"/>
						<line number="215" hits="1"/>
						<line number="217" hits="1"/>
						<line number="218" hits="1"/>
						<line number="219" hits="0"/>
						<line number="222" hits="0"/>
						<line number="225" hits="1"/>
						<line number="226" hits="1"/>
						<line number="227" hits="1"/>
						<line number="229" hits="1"/>
						<line number="230" hits="1"/>
						<line number="231" hits="1" branch="true" condition-coverage="100% (2/2)"/>
						<line number="232" hits="1"/>
						<line number="236" hits="1"/>
						<line number="237" hits="1"/>
						<line number="239" hits="1" branch="true" condition-coverage="100% (2/2)"/>
						<line number="240" hits="1"/>
						<line number="245" hits="1"/>
						<line number="247" hits="1" branch="true" condition-coverage="100% (2/2)"/>
						<line number="248" hits="1"/>
						<line number="249" hits="1"/>
						<line number="251" hits="1"/>
						<line number="252" hits="1"/>
						<line number="253" hits="0"/>
						<line number="254" hits="1"/>
						<line number="255" hits="1"/>
						<line number="256" hits="1"/>
						<line number="258" hits="1"/>
						<line number="259" hits="1"/>
						<line number="260" hits="1" branch="true" condition-coverage="50% (1/2)" missing-branches="261"/>
						<line number="261" hits="0"/>
						<line number="262" hits="0"/>
						<line number="263" hits="0"/>
						<line number="265" hits="1" branch="true" condition-coverage="100% (2/2)"/>
						<line number="266" hits="1"/>
						<line number="268" hits="1" branch="true" condition-coverage="50% (1/2)" missing-branches="272"/>
						<line number="269" hits="1"/>
						<line number="272" hits="0"/>
						<line number="273" hits="0"/>
						<line number="274" hits="0"/>
						<line number="275" hits="0"/>
						<line number="278" hits="0"/>
						<line number="281" hits="0" branch="true" condition-coverage="0% (0/2)" missing-branches="282,283"/>
						<line number="282" hits="0"/>
						<line number="283" hits="0"/>
						<line number="284" hits="0"/>
						<line number="287" hits="1"/>
						<line number="289" hits="1"/>
						<line number="290" hits="1"/>
						<line number="291" hits="1" branch="true" condition-coverage="100% (2/2)"/>
						<line number="292" hits="1"/>
						<line number="293" hits="1"/>
						<line number="297" hits="1" branch="true" condition-coverage="50% (1/2)" missing-branches="298"/>
						<line number="298" hits="0"/>
						<line number="301" hits="0"/>
						<line number="305" hits="1"/>
						<line number="306" hits="1"/>
						<line number="307" hits="1" branch="true" condition-coverage="50% (1/2)" missing-branches="308"/>
						<line number="308" hits="0"/>
						<line number="311" hits="0"/>
						<line number="313" hits="1" branch="true" condition-coverage="100% (2/2)"/>
						<line number="314" hits="1"/>
						<line number="319" hits="1"/>
						<line number="321" hits="1" branch="true" condition-coverage="100% (2/2)"/>
						<line number="322" hits="1"/>
						<line number="325" hits="1"/>
						<line number="327" hits="1" branch="true" condition-coverage="50% (1/2)" missing-branches="336"/>
						<line number="331" hits="1"/>
						<line number="334" hits="1"/>
						<line number="336" hits="0"/>
						<line number="338" hits="1"/>
						<line number="343" hits="1" branch="true" condition-coverage="50% (1/2)" missing-branches="344"/>
						<line number="344" hits="0"/>
						<line number="346" hits="1"/>
						<line number="348" hits="1"/>
						<line number="353" hits="1" branch="true" condition-coverage="50% (1/2)" missing-branches="354"/>
						<line number="354" hits="0"/>
						<line number="359" hits="0"/>
						<line number="361" hits="1" branch="true" condition-coverage="100% (2/2)"/>
						<line number="362" hits="1"/>
						<line number="367" hits="1"/>
						<line number="369" hits="1"/>
						<line number="371" hits="1"/>
						<line number="372" hits="1"/>
						<line number="373" hits="1"/>
						<line number="374" hits="1"/>
						<line number="375" hits="1"/>
						<line number="376" hits="1" branch="true" condition-coverage="100% (2/2)"/>
						<line number="377" hits="1"/>
						<line number="380" hits="1"/>
						<line number="381" hits="1" branch="true" condition-coverage="50% (1/2)" missing-branches="382"/>
						<line number="382" hits="0"/>
						<line number="383" hits="0"/>
						<line number="384" hits="0"/>
						<line number="385" hits="1" branch="true" condition-coverage="100% (2/2)"/>
						<line number="386" hits="1"/>
						<line number="389" hits="1"/>
						<line number="392" hits="1"/>
						<line number="393" hits="1" branch="true" condition-coverage="100% (2/2)"/>
						<line number="394" hits="1"/>
						<line number="397" hits="1"/>
						<line number="402" hits="1"/>
						<line number="403" hits="1" branch="true" condition-coverage="50% (1/2)" missing-branches="406"/>
						<line number="404" hits="1"/>
						<line number="405" hits="1"/>
						<line number="406" hits="0"/>
						<line number="407" hits="0"/>
						<line number="409" hits="0"/>
						<line number="411" hits="1"/>
						<line number="415" hits="1"/>
						<line number="418" hits="1" branch="true" condition-coverage="50% (1/2)" missing-branches="exit"/>
						<line number="419" hits="1"/>
						<line number="420" hits="1"/>
						<line number="421" hits="1"/>
						<line number="422" hits="1"/>
						<line number="423" hits="1"/>
						<line number="427" hits="1"/>
						<line number="429" hits="1"/>
						<line number="431" hits="0"/>
						<line number="432" hits="0"/>
						<line number="433" hits="0" branch="true" condition-coverage="0% (0/2)" missing-branches="434,438"/>
						<line number="434" hits="0" branch="true" condition-coverage="0% (0/2)" missing-branches="435,437"/>
						<line number="435" hits="0"/>
						<line number="437" hits="0"/>
						<line number="438" hits="0"/>
						<line number="440" hits="1"/>
						<line number="442" hits="1"/>
						<line number="446" hits="1" branch="true" condition-coverage="100% (2/2)"/>
						<line number="451" hits="1" branch="true" condition-coverage="100% (2/2)"/>
						<line number="452" hits="1"/>
						<line number="454" hits="1" branch="true" condition-coverage="100% (2/2)"/>
						<line number="455" hits="1"/>
						<line number="458" hits="1" branch="true" condition-coverage="100% (2/2)"/>
						<line number="459" hits="1"/>
						<line number="460" hits="1"/>
						<line number="464" hits="1"/>
						<line number="465" hits="0"/>
						<line number="466" hits="0"/>
						<line number="468" hits="1"/>
						<line number="474" hits="1"/>
						<line number="489" hits="0" branch="true" condition-coverage="0% (0/2)" missing-branches="exit,494"/>
						<line number="494" hits="0" branch="true" condition-coverage="0% (0/2)" missing-branches="489,495"/>
						<line number="495" hits="0"/>
						<line number="496" hits="0"/>
						<line number="498" hits="0" branch="true" condition-coverage="0% (0/2)" missing-branches="494,501"/>
						<line number="501" hits="0"/>
						<line number="504" hits="0"/>
						<line number="505" hits="0"/>
						<line number="506" hits="0"/>
						<line number="510" hits="1"/>
						<line number="512" hits="1" branch="true" condition-coverage="50% (1/2)" missing-branches="513"/>
						<line number="513" hits="0"/>
						<line number="515" hits="1" branch="true" condition-coverage="100% (2/2)"/>
						<line number="516" hits="1"/>
						<line number="517" hits="1"/>
						<line number="518" hits="1"/>
						<line number="519" hits="1"/>
						<line number="520" hits="1"/>
						<line number="523" hits="1"/>
						<line number="524" hits="1" branch="true" condition-coverage="50% (1/2)" missing-branches="525"/>
						<line number="525" hits="0"/>
						<line number="527" hits="1"/>
						<line number="528" hits="1"/>
						<line number="529" hits="1"/>
						<line number="532" hits="1"/>
						<line number="533" hits="1"/>
						<line number="535" hits="1"/>
						<line number="542" hits="1"/>
						<line number="543" hits="1"/>
						<line number="545" hits="1"/>
						<line number="546" hits="1"/>
						<line number="547" hits="1" branch="true" condition-coverage="100% (2/2)"/>
						<line number="548" hits="1"/>
						<line number="549" hits="1" branch="true" condition-coverage="100% (2/2)"/>
						<line number="552" hits="1" branch="true" condition-coverage="50% (1/2)" missing-branches="553"/>
						<line number="553" hits="0"/>
						<line number="556" hits="1"/>
						<line number="557" hits="1" branch="true" condition-coverage="50% (1/2)" missing-branches="558"/>
						<line number="558" hits="0"/>
						<line number="559" hits="1"/>
						<line number="562" hits="1"/>
						<line number="563" hits="1" branch="true" condition-coverage="50% (1/2)" missing-branches="574"/>
						<line number="565" hits="1"/>
						<line number="568" hits="1" branch="true" condition-coverage="100% (2/2)"/>
						<line number="569" hits="1"/>
						<line number="571" hits="1"/>
						<line number="574" hits="1" branch="true" condition-coverage="100% (2/2)"/>
						<line number="576" hits="1"/>
						<line number="578" hits="1"/>
						<line number="580" hits="1"/>
						<line number="581" hits="1" branch="true" condition-coverage="100% (2/2)"/>
						<line number="582" hits="1"/>
						<line number="586" hits="1"/>
						<line number="588" hits="1"/>
						<line number="590" hits="1"/>
						<line number="592" hits="1"/>
						<line number="601" hits="0" branch="true" condition-coverage="0% (0/2)" missing-branches="exit,607"/>
						<line number="607" hits="0" branch="true" condition-coverage="0% (0/2)" missing-branches="601,608"/>
						<line number="608" hits="0"/>
						<line number="609" hits="0"/>
						<line number="610" hits="0" branch="true" condition-coverage="0% (0/2)" missing-branches="611,613"/>
						<line number="611" hits="0"/>
						<line number="613" hits="0"/>
						<line number="614" hits="0" branch="true" condition-coverage="0% (0/2)" missing-branches="615,616"/>
						<line number="615" hits="0"/>
						<line number="616" hits="0"/>
						<line number="617" hits="0"/>
						<line number="618" hits="0" branch="true" condition-coverage="0% (0/2)" missing-branches="619,621"/>
						<line number="619" hits="0"/>
						<line number="621" hits="0"/>
						<line number="622" hits="0" branch="true" condition-coverage="0% (0/2)" missing-branches="623,625"/>
						<line number="623" hits="0"/>
						<line number="625" hits="0"/>
						<line number="626" hits="0" branch="true" condition-coverage="0% (0/2)" missing-branches="627,629"/>
						<line number="627" hits="0"/>
						<line number="629" hits="0"/>
						<line number="631" hits="1"/>
						<line number="640" hits="1" branch="true" condition-coverage="100% (2/2)"/>
						<line number="646" hits="1" branch="true" condition-coverage="50% (1/2)" missing-branches="exit"/>
						<line number="647" hits="1"/>
						<line number="648" hits="1"/>
						<line number="649" hits="0"/>
						<line number="653" hits="0"/>
						<line number="654" hits="1"/>
						<line number="655" hits="1" branch="true" condition-coverage="50% (1/2)" missing-branches="656"/>
						<line number="656" hits="0"/>
						<line number="658" hits="1"/>
						<line number="659" hits="1" branch="true" condition-coverage="50% (1/2)" missing-branches="660"/>
						<line number="660" hits="0"/>
						<line number="662" hits="1"/>
						<line number="664" hits="1"/>
						<line number="666" hits="1"/>
						<line number="674" hits="1"/>
						<line number="675" hits="1"/>
						<line number="678" hits="1"/>
						<line number="680" hits="1" branch="true" condition-coverage="100% (2/2)"/>
						<line number="681" hits="1"/>
						<line number="685" hits="1"/>
						<line number="686" hits="1"/>
						<line number="687" hits="1"/>
						<line number="692" hits="1"/>
						<line number="694" hits="1"/>
						<line number="695" hits="1"/>
						<line number="696" hits="1"/>
						<line number="698" hits="1"/>
						<line number="699" hits="1"/>
						<line number="700" hits="1"/>
						<line number="702" hits="1"/>
						<line number="703" hits="0"/>
						<line number="704" hits="0"/>
						<line number="706" hits="1"/>
						<line number="711" hits="1"/>
						<line number="714" hits="1"/>
						<line number="716" hits="1"/>
						<line number="723" hits="1" branch="true" condition-coverage="50% (1/2)" missing-branches="727"/>
						<line number="727" hits="0"/>
						<line number="729" hits="1" branch="true" condition-coverage="100% (2/2)"/>
						<line number="733" hits="1"/>
						<line number="734" hits="1" branch="true" condition-coverage="100% (2/2)"/>
						<line number="735" hits="1"/>
						<line number="736" hits="1" branch="true" condition-coverage="50% (1/2)" missing-branches="739"/>
						<line number="737" hits="1"/>
						<line number="739" hits="1"/>
						<line number="741" hits="1"/>
						<line number="748" hits="1"/>
						<line number="749" hits="1"/>
						<line number="750" hits="0" branch="true" condition-coverage="0% (0/2)" missing-branches="751,754"/>
						<line number="751" hits="0" branch="true" condition-coverage="0% (0/2)" missing-branches="750,752"/>
						<line number="752" hits="0"/>
						<line number="754" hits="0" branch="true" condition-coverage="0% (0/2)" missing-branches="755,761"/>
						<line number="755" hits="0"/>
						<line number="758" hits="0" branch="true" condition-coverage="0% (0/2)" missing-branches="754,759"/>
						<line number="759" hits="0"/>
						<line number="761" hits="0"/>
						<line number="762" hits="1"/>
						<line number="763" hits="1"/>
						<line number="765" hits="1"/>
						<line number="767" hits="1" branch="true" condition-coverage="50% (1/2)" missing-branches="768"/>
						<line number="768" hits="0"/>
						<line number="770" hits="1"/>
						<line number="771" hits="1"/>
						<line number="772" hits="1"/>
						<line number="775" hits="1"/>
						<line number="777" hits="1"/>
						<line number="778" hits="1" branch="true" condition-coverage="100% (2/2)"/>
						<line number="779" hits="1"/>
						<line number="780" hits="1" branch="true" condition-coverage="50% (1/2)" missing-branches="781"/>
						<line number="781" hits="0"/>
						<line number="782" hits="1" branch="true" condition-coverage="50% (1/2)" missing-branches="783"/>
						<line number="783" hits="0"/>
						<line number="784" hits="1"/>
						<line number="786" hits="1"/>
						<line number="788" hits="0"/>
						<line number="791" hits="0"/>
						<line number="795" hits="1"/>
						<line number="797" hits="1"/>
						<line number="798" hits="1"/>
						<line number="799" hits="1"/>
						<line number="800" hits="1" branch="true" condition-coverage="100% (2/2)"/>
						<line number="801" hits="1" branch="true" condition-coverage="100% (2/2)"/>
						<line number="802" hits="1"/>
						<line number="804" hits="1"/>
					</lines>
				</class>
				<class name="mongodb_provider.py" filename="lib/charms/mongodb/v1/mongodb_provider.py" complexity="0" line-rate="0.5856" branch-rate="0.3906">
					<methods/>
					<lines>
						<line number="10" hits="1"/>
						<line number="11" hits="1"/>
						<line number="12" hits="1"/>
						<line number="13" hits="1"/>
						<line number="14" hits="1"/>
						<line number="16" hits="1"/>
						<line number="17" hits="1"/>
						<line number="18" hits="1"/>
						<line number="19" hits="1"/>
						<line number="20" hits="1"/>
						<line number="21" hits="1"/>
						<line number="22" hits="1"/>
						<line number="24" hits="1"/>
						<line number="27" hits="1"/>
						<line number="30" hits="1"/>
						<line number="34" hits="1"/>
						<line number="36" hits="1"/>
						<line number="37" hits="1"/>
						<line number="39" hits="1"/>
						<line number="42" hits="1"/>
						<line number="43" hits="1"/>
						<line number="44" hits="1"/>
						<line number="46" hits="1"/>
						<line number="47" hits="1"/>
						<line number="54" hits="1"/>
						<line number="57" hits="1"/>
						<line number="65" hits="1"/>
						<line number="66" hits="1"/>
						<line number="67" hits="1"/>
						<line number="69" hits="1"/>
						<line number="70" hits="1"/>
						<line number="74" hits="1"/>
						<line number="77" hits="1"/>
						<line number="82" hits="1"/>
						<line number="83" hits="1"/>
						<line number="87" hits="1"/>
						<line number="91" hits="1" branch="true" condition-coverage="100% (2/2)"/>
						<line number="92" hits="1"/>
						<line number="94" hits="1" branch="true" condition-coverage="50% (1/2)" missing-branches="95"/>
						<line number="95" hits="0"/>
						<line number="96" hits="0"/>
						<line number="98" hits="1" branch="true" condition-coverage="50% (1/2)" missing-branches="99"/>
						<line number="99" hits="0"/>
						<line number="101" hits="1" branch="true" condition-coverage="50% (1/2)" missing-branches="102"/>
						<line number="102" hits="0"/>
						<line number="105" hits="0"/>
						<line number="106" hits="0"/>
						<line number="108" hits="1"/>
						<line number="110" hits="1"/>
						<line number="118" hits="1" branch="true" condition-coverage="100% (2/2)"/>
						<line number="119" hits="1"/>
						<line number="120" hits="1"/>
						<line number="122" hits="1"/>
						<line number="123" hits="1" branch="true" condition-coverage="50% (1/2)" missing-branches="125"/>
						<line number="125" hits="0"/>
						<line number="126" hits="0" branch="true" condition-coverage="0% (0/2)" missing-branches="127,134"/>
						<line number="127" hits="0"/>
						<line number="130" hits="0"/>
						<line number="131" hits="0"/>
						<line number="134" hits="0" branch="true" condition-coverage="0% (0/2)" missing-branches="135,140"/>
						<line number="135" hits="0"/>
						<line number="138" hits="0"/>
						<line number="140" hits="0"/>
						<line number="144" hits="1"/>
						<line number="145" hits="1"/>
						<line number="146" hits="1"/>
						<line number="147" hits="1"/>
						<line number="148" hits="1"/>
						<line number="149" hits="1"/>
						<line number="151" hits="1"/>
						<line number="167" hits="1" branch="true" condition-coverage="100% (2/2)"/>
						<line number="168" hits="1"/>
						<line number="169" hits="1"/>
						<line number="171" hits="1" branch="true" condition-coverage="100% (2/2)"/>
						<line number="172" hits="1"/>
						<line number="173" hits="1"/>
						<line number="175" hits="1" branch="true" condition-coverage="100% (2/2)"/>
						<line number="176" hits="1"/>
						<line number="177" hits="1" branch="true" condition-coverage="100% (2/2)"/>
						<line number="180" hits="1"/>
						<line number="181" hits="1"/>
						<line number="183" hits="1"/>
						<line number="184" hits="1"/>
						<line number="186" hits="1" branch="true" condition-coverage="100% (2/2)"/>
						<line number="187" hits="1"/>
						<line number="188" hits="1"/>
						<line number="189" hits="1"/>
						<line number="190" hits="1"/>
						<line number="191" hits="1"/>
						<line number="193" hits="1" branch="true" condition-coverage="100% (2/2)"/>
						<line number="194" hits="1"/>
						<line number="196" hits="1"/>
						<line number="197" hits="1"/>
						<line number="198" hits="1" branch="true" condition-coverage="50% (1/2)" missing-branches="167"/>
						<line number="199" hits="1"/>
						<line number="200" hits="1"/>
						<line number="202" hits="1"/>
						<line number="212" hits="0" branch="true" condition-coverage="0% (0/2)" missing-branches="213,217"/>
						<line number="213" hits="0"/>
						<line number="214" hits="0"/>
						<line number="217" hits="0"/>
						<line number="219" hits="0" branch="true" condition-coverage="0% (0/2)" missing-branches="exit,224"/>
						<line number="224" hits="0"/>
						<line number="226" hits="0"/>
						<line number="229" hits="0" branch="true" condition-coverage="0% (0/2)" missing-branches="exit,236"/>
						<line number="236" hits="0"/>
						<line number="239" hits="0"/>
						<line number="241" hits="1"/>
						<line number="243" hits="1" branch="true" condition-coverage="50% (1/2)" missing-branches="244"/>
						<line number="244" hits="0"/>
						<line number="246" hits="1"/>
						<line number="248" hits="1" branch="true" condition-coverage="100% (2/2)"/>
						<line number="249" hits="1"/>
						<line number="251" hits="1" branch="true" condition-coverage="50% (1/2)" missing-branches="252"/>
						<line number="252" hits="0"/>
						<line number="253" hits="0"/>
						<line number="254" hits="0"/>
						<line number="256" hits="0" branch="true" condition-coverage="0% (0/2)" missing-branches="257,259"/>
						<line number="257" hits="0"/>
						<line number="259" hits="0" branch="true" condition-coverage="0% (0/2)" missing-branches="251,260"/>
						<line number="260" hits="0"/>
						<line number="264" hits="0"/>
						<line number="269" hits="1"/>
						<line number="278" hits="0"/>
						<line number="279" hits="0" branch="true" condition-coverage="0% (0/2)" missing-branches="280,281"/>
						<line number="280" hits="0"/>
						<line number="281" hits="0"/>
						<line number="282" hits="0"/>
						<line number="283" hits="0"/>
						<line number="285" hits="1"/>
						<line number="287" hits="1"/>
						<line number="288" hits="0" branch="true" condition-coverage="0% (0/2)" missing-branches="289,291"/>
						<line number="289" hits="0"/>
						<line number="291" hits="0"/>
						<line number="293" hits="0"/>
						<line number="304" hits="1"/>
						<line number="306" hits="1"/>
						<line number="307" hits="0" branch="true" condition-coverage="0% (0/2)" missing-branches="308,310"/>
						<line number="308" hits="0"/>
						<line number="310" hits="0"/>
						<line number="311" hits="0"/>
						<line number="314" hits="0" branch="true" condition-coverage="0% (0/2)" missing-branches="315,317"/>
						<line number="315" hits="0"/>
						<line number="317" hits="0"/>
						<line number="321" hits="0"/>
						<line number="325" hits="0"/>
						<line number="330" hits="1"/>
						<line number="331" hits="1"/>
						<line number="333" hits="0"/>
						<line number="335" hits="1"/>
						<line number="337" hits="0"/>
						<line number="338" hits="0" branch="true" condition-coverage="0% (0/2)" missing-branches="exit,exit"/>
						<line number="346" hits="1"/>
						<line number="354" hits="0"/>
						<line number="355" hits="0"/>
						<line number="356" hits="0" branch="true" condition-coverage="0% (0/2)" missing-branches="357,362"/>
						<line number="357" hits="0" branch="true" condition-coverage="0% (0/2)" missing-branches="358,359"/>
						<line number="358" hits="0"/>
						<line number="359" hits="0"/>
						<line number="360" hits="0" branch="true" condition-coverage="0% (0/2)" missing-branches="356,361"/>
						<line number="361" hits="0"/>
						<line number="362" hits="0"/>
						<line number="364" hits="1"/>
						<line number="366" hits="1"/>
						<line number="370" hits="1"/>
						<line number="371" hits="0"/>
						<line number="372" hits="0"/>
						<line number="373" hits="0"/>
						<line number="376" hits="0"/>
						<line number="378" hits="1"/>
						<line number="384" hits="1"/>
						<line number="390" hits="1"/>
						<line number="391" hits="1"/>
						<line number="393" hits="0"/>
						<line number="394" hits="0"/>
						<line number="396" hits="1"/>
						<line number="397" hits="1"/>
						<line number="399" hits="0"/>
						<line number="400" hits="0" branch="true" condition-coverage="0% (0/2)" missing-branches="401,402"/>
						<line number="401" hits="0"/>
						<line number="402" hits="0"/>
					</lines>
				</class>
				<class name="mongodb_tls.py" filename="lib/charms/mongodb/v1/mongodb_tls.py" complexity="0" line-rate="0.8033" branch-rate="0.64">
					<methods/>
					<lines>
						<line number="10" hits="1"/>
						<line number="11" hits="1"/>
						<line number="12" hits="1"/>
						<line number="13" hits="1"/>
						<line number="14" hits="1"/>
						<line number="16" hits="1"/>
						<line number="23" hits="1"/>
						<line number="24" hits="1"/>
						<line number="25" hits="1"/>
						<line number="27" hits="1"/>
						<line number="29" hits="1"/>
						<line number="30" hits="1"/>
						<line number="34" hits="1"/>
						<line number="37" hits="1"/>
						<line number="41" hits="1"/>
						<line number="43" hits="1"/>
						<line number="46" hits="1"/>
						<line number="49" hits="1"/>
						<line number="51" hits="1"/>
						<line number="52" hits="1"/>
						<line number="53" hits="1"/>
						<line number="54" hits="1"/>
						<line number="55" hits="1"/>
						<line number="56" hits="1"/>
						<line number="59" hits="1"/>
						<line number="63" hits="1"/>
						<line number="67" hits="1"/>
						<line number="68" hits="1"/>
						<line number="70" hits="1"/>
						<line number="72" hits="1"/>
						<line number="74" hits="1"/>
						<line number="76" hits="1"/>
						<line number="77" hits="1" branch="true" condition-coverage="50% (1/2)" missing-branches="78"/>
						<line number="78" hits="0"/>
						<line number="81" hits="0"/>
						<line number="82" hits="0"/>
						<line number="84" hits="1" branch="true" condition-coverage="50% (1/2)" missing-branches="85"/>
						<line number="85" hits="0"/>
						<line number="86" hits="0"/>
						<line number="87" hits="0"/>
						<line number="89" hits="1"/>
						<line number="90" hits="1"/>
						<line number="91" hits="1"/>
						<line number="92" hits="1"/>
						<line number="93" hits="0"/>
						<line number="94" hits="0"/>
						<line number="96" hits="1"/>
						<line number="102" hits="1" branch="true" condition-coverage="100% (2/2)"/>
						<line number="103" hits="1"/>
						<line number="105" hits="1"/>
						<line number="107" hits="1"/>
						<line number="114" hits="1"/>
						<line number="115" hits="1"/>
						<line number="116" hits="1"/>
						<line number="118" hits="1"/>
						<line number="119" hits="1"/>
						<line number="120" hits="1"/>
						<line number="122" hits="1" branch="true" condition-coverage="100% (2/2)"/>
						<line number="123" hits="1"/>
						<line number="125" hits="1"/>
						<line number="126" hits="1"/>
						<line number="128" hits="1" branch="true" condition-coverage="50% (1/2)" missing-branches="138"/>
						<line number="129" hits="1"/>
						<line number="138" hits="0"/>
						<line number="140" hits="1"/>
						<line number="142" hits="1" branch="true" condition-coverage="50% (1/2)" missing-branches="143"/>
						<line number="143" hits="0"/>
						<line number="146" hits="0"/>
						<line number="147" hits="0"/>
						<line number="149" hits="1" branch="true" condition-coverage="50% (1/2)" missing-branches="150"/>
						<line number="150" hits="0"/>
						<line number="153" hits="0"/>
						<line number="154" hits="0"/>
						<line number="156" hits="1"/>
						<line number="157" hits="1"/>
						<line number="159" hits="1"/>
						<line number="161" hits="1"/>
						<line number="162" hits="1" branch="true" condition-coverage="50% (1/2)" missing-branches="163"/>
						<line number="163" hits="0"/>
						<line number="167" hits="1" branch="true" condition-coverage="100% (2/2)"/>
						<line number="168" hits="1"/>
						<line number="169" hits="1"/>
						<line number="170" hits="1"/>
						<line number="172" hits="1" branch="true" condition-coverage="50% (1/2)" missing-branches="173"/>
						<line number="173" hits="0"/>
						<line number="174" hits="0"/>
						<line number="176" hits="1"/>
						<line number="177" hits="1"/>
						<line number="178" hits="1"/>
						<line number="179" hits="1"/>
						<line number="180" hits="1"/>
						<line number="182" hits="1"/>
						<line number="184" hits="1" branch="true" condition-coverage="50% (1/2)" missing-branches="185"/>
						<line number="185" hits="0"/>
						<line number="188" hits="0"/>
						<line number="189" hits="0"/>
						<line number="191" hits="1"/>
						<line number="192" hits="1"/>
						<line number="194" hits="1" branch="true" condition-coverage="100% (2/2)"/>
						<line number="195" hits="1"/>
						<line number="196" hits="1"/>
						<line number="197" hits="1" branch="true" condition-coverage="100% (2/2)"/>
						<line number="198" hits="1"/>
						<line number="199" hits="1"/>
						<line number="201" hits="1"/>
						<line number="202" hits="1"/>
						<line number="204" hits="1"/>
						<line number="209" hits="1"/>
						<line number="210" hits="1"/>
						<line number="212" hits="1" branch="true" condition-coverage="50% (1/2)" missing-branches="213"/>
						<line number="213" hits="0"/>
						<line number="214" hits="0"/>
						<line number="216" hits="1" branch="true" condition-coverage="50% (1/2)" missing-branches="217"/>
						<line number="217" hits="0"/>
						<line number="220" hits="0"/>
						<line number="221" hits="0"/>
						<line number="223" hits="1"/>
						<line number="225" hits="1"/>
						<line number="226" hits="1"/>
						<line number="227" hits="1"/>
						<line number="228" hits="1"/>
						<line number="230" hits="1" branch="true" condition-coverage="50% (1/2)" missing-branches="232"/>
						<line number="231" hits="1"/>
						<line number="232" hits="0" branch="true" condition-coverage="0% (0/2)" missing-branches="exit,236"/>
						<line number="236" hits="0"/>
						<line number="238" hits="1"/>
						<line number="240" hits="1" branch="true" condition-coverage="50% (1/2)" missing-branches="241"/>
						<line number="241" hits="0"/>
						<line number="242" hits="0"/>
						<line number="243" hits="1" branch="true" condition-coverage="50% (1/2)" missing-branches="244"/>
						<line number="244" hits="0"/>
						<line number="245" hits="0"/>
						<line number="247" hits="1"/>
						<line number="249" hits="1"/>
						<line number="251" hits="1" branch="true" condition-coverage="50% (1/2)" missing-branches="252"/>
						<line number="252" hits="0"/>
						<line number="255" hits="0"/>
						<line number="256" hits="0"/>
						<line number="258" hits="1" branch="true" condition-coverage="100% (2/2)"/>
						<line number="264" hits="1"/>
						<line number="265" hits="1"/>
						<line number="266" hits="1" branch="true" condition-coverage="100% (2/2)"/>
						<line number="270" hits="1"/>
						<line number="272" hits="1"/>
						<line number="274" hits="1"/>
						<line number="275" hits="1"/>
						<line number="277" hits="1"/>
						<line number="278" hits="1"/>
						<line number="279" hits="1"/>
						<line number="280" hits="1"/>
						<line number="287" hits="1"/>
						<line number="289" hits="1"/>
						<line number="294" hits="1"/>
						<line number="296" hits="1"/>
						<line number="302" hits="1"/>
						<line number="303" hits="1"/>
						<line number="311" hits="1"/>
						<line number="318" hits="1"/>
						<line number="319" hits="1" branch="true" condition-coverage="100% (2/2)"/>
						<line number="320" hits="1"/>
						<line number="321" hits="1"/>
						<line number="322" hits="1"/>
						<line number="324" hits="1"/>
						<line number="325" hits="1"/>
						<line number="326" hits="1"/>
						<line number="328" hits="1"/>
						<line number="329" hits="1"/>
						<line number="330" hits="1"/>
						<line number="331" hits="1" branch="true" condition-coverage="50% (1/2)" missing-branches="334"/>
						<line number="332" hits="1"/>
						<line number="334" hits="1"/>
						<line number="336" hits="1"/>
						<line number="338" hits="1"/>
						<line number="339" hits="1"/>
						<line number="340" hits="1"/>
						<line number="342" hits="1"/>
						<line number="344" hits="1"/>
						<line number="345" hits="1"/>
						<line number="346" hits="1"/>
						<line number="348" hits="1"/>
						<line number="353" hits="1" branch="true" condition-coverage="50% (1/2)" missing-branches="358"/>
						<line number="356" hits="1"/>
						<line number="358" hits="0"/>
					</lines>
				</class>
				<class name="mongos.py" filename="lib/charms/mongodb/v1/mongos.py" complexity="0" line-rate="0.2527" branch-rate="0.02632">
					<methods/>
					<lines>
						<line number="6" hits="1"/>
						<line number="7" hits="1"/>
						<line number="8" hits="1"/>
						<line number="9" hits="1"/>
						<line number="11" hits="1"/>
						<line number="12" hits="1"/>
						<line number="13" hits="1"/>
						<line number="15" hits="1"/>
						<line number="18" hits="1"/>
						<line number="21" hits="1"/>
						<line number="25" hits="1"/>
						<line number="28" hits="1"/>
						<line number="30" hits="1"/>
						<line number="33" hits="1" branch="true" condition-coverage="100% (2/2)"/>
						<line number="34" hits="1"/>
						<line number="37" hits="1"/>
						<line number="39" hits="1"/>
						<line number="40" hits="1"/>
						<line number="42" hits="0"/>
						<line number="45" hits="0" branch="true" condition-coverage="0% (0/2)" missing-branches="46,48"/>
						<line number="46" hits="0" branch="true" condition-coverage="0% (0/2)" missing-branches="exit,48"/>
						<line number="48" hits="0"/>
						<line number="51" hits="0"/>
						<line number="52" hits="0" branch="true" condition-coverage="0% (0/2)" missing-branches="53,54"/>
						<line number="53" hits="0"/>
						<line number="54" hits="0"/>
						<line number="62" hits="1"/>
						<line number="66" hits="1"/>
						<line number="70" hits="1"/>
						<line number="74" hits="1"/>
						<line number="78" hits="1"/>
						<line number="82" hits="1"/>
						<line number="103" hits="1"/>
						<line number="112" hits="0"/>
						<line number="114" hits="1"/>
						<line number="123" hits="0"/>
						<line number="124" hits="0" branch="true" condition-coverage="0% (0/2)" missing-branches="exit,127"/>
						<line number="127" hits="0"/>
						<line number="129" hits="1"/>
						<line number="135" hits="0" branch="true" condition-coverage="0% (0/2)" missing-branches="exit,136"/>
						<line number="136" hits="0"/>
						<line number="137" hits="0"/>
						<line number="138" hits="0" branch="true" condition-coverage="0% (0/2)" missing-branches="139,142"/>
						<line number="139" hits="0"/>
						<line number="140" hits="0"/>
						<line number="142" hits="0"/>
						<line number="143" hits="0"/>
						<line number="145" hits="1"/>
						<line number="152" hits="0" branch="true" condition-coverage="0% (0/2)" missing-branches="153,158"/>
						<line number="153" hits="0"/>
						<line number="154" hits="0"/>
						<line number="158" hits="0" branch="true" condition-coverage="0% (0/2)" missing-branches="159,166"/>
						<line number="159" hits="0"/>
						<line number="162" hits="0"/>
						<line number="163" hits="0"/>
						<line number="166" hits="0"/>
						<line number="167" hits="0" branch="true" condition-coverage="0% (0/2)" missing-branches="168,172"/>
						<line number="168" hits="0"/>
						<line number="169" hits="0"/>
						<line number="172" hits="0"/>
						<line number="173" hits="0"/>
						<line number="175" hits="1"/>
						<line number="183" hits="0"/>
						<line number="184" hits="0" branch="true" condition-coverage="0% (0/2)" missing-branches="exit,185"/>
						<line number="185" hits="0" branch="true" condition-coverage="0% (0/2)" missing-branches="184,186"/>
						<line number="186" hits="0"/>
						<line number="187" hits="0" branch="true" condition-coverage="0% (0/2)" missing-branches="185,188"/>
						<line number="188" hits="0"/>
						<line number="190" hits="1"/>
						<line number="197" hits="0"/>
						<line number="200" hits="0"/>
						<line number="201" hits="0"/>
						<line number="202" hits="0"/>
						<line number="203" hits="0"/>
						<line number="204" hits="0" branch="true" condition-coverage="0% (0/2)" missing-branches="205,209"/>
						<line number="205" hits="0"/>
						<line number="206" hits="0"/>
						<line number="209" hits="0"/>
						<line number="210" hits="0"/>
						<line number="211" hits="0" branch="true" condition-coverage="0% (0/2)" missing-branches="212,224"/>
						<line number="212" hits="0"/>
						<line number="217" hits="0"/>
						<line number="220" hits="0"/>
						<line number="221" hits="0"/>
						<line number="222" hits="0"/>
						<line number="224" hits="0" branch="true" condition-coverage="0% (0/2)" missing-branches="exit,225"/>
						<line number="225" hits="0"/>
						<line number="226" hits="0"/>
						<line number="228" hits="1"/>
						<line number="235" hits="0"/>
[...]
						<line number="193" hits="0"/>
						<line number="194" hits="0"/>
						<line number="196" hits="1"/>
						<line number="203" hits="0"/>
						<line number="204" hits="0"/>
						<line number="206" hits="0" branch="true" condition-coverage="0% (0/2)" missing-branches="207,209"/>
						<line number="207" hits="0"/>
						<line number="209" hits="0"/>
						<line number="213" hits="0" branch="true" condition-coverage="0% (0/2)" missing-branches="214,216"/>
						<line number="214" hits="0"/>
						<line number="216" hits="0"/>
						<line number="218" hits="1"/>
						<line number="222" hits="0" branch="true" condition-coverage="0% (0/2)" missing-branches="223,225"/>
						<line number="223" hits="0"/>
						<line number="225" hits="0" branch="true" condition-coverage="0% (0/2)" missing-branches="226,230"/>
						<line number="226" hits="0"/>
						<line number="227" hits="0"/>
						<line number="228" hits="0"/>
						<line number="230" hits="0"/>
						<line number="233" hits="0"/>
						<line number="235" hits="0"/>
						<line number="236" hits="0" branch="true" condition-coverage="0% (0/2)" missing-branches="237,245"/>
						<line number="237" hits="0"/>
						<line number="238" hits="0"/>
						<line number="239" hits="0"/>
						<line number="242" hits="0"/>
						<line number="243" hits="0"/>
						<line number="245" hits="0"/>
						<line number="250" hits="1"/>
						<line number="252" hits="0"/>
						<line number="253" hits="0"/>
						<line number="254" hits="0"/>
						<line number="255" hits="0"/>
						<line number="256" hits="0"/>
						<line number="260" hits="0"/>
						<line number="261" hits="0"/>
						<line number="262" hits="0"/>
						<line number="263" hits="0"/>
						<line number="265" hits="0" branch="true" condition-coverage="0% (0/2)" missing-branches="266,275"/>
						<line number="266" hits="0"/>
						<line number="270" hits="0"/>
						<line number="271" hits="0"/>
						<line number="272" hits="0"/>
						<line number="273" hits="0"/>
						<line number="275" hits="0" branch="true" condition-coverage="0% (0/2)" missing-branches="276,278"/>
						<line number="276" hits="0"/>
						<line number="278" hits="0"/>
						<line number="280" hits="1"/>
						<line number="286" hits="0" branch="true" condition-coverage="0% (0/2)" missing-branches="287,289"/>
						<line number="287" hits="0"/>
						<line number="289" hits="0" branch="true" condition-coverage="0% (0/2)" missing-branches="exit,290"/>
						<line number="290" hits="0"/>
						<line number="291" hits="0" branch="true" condition-coverage="0% (0/2)" missing-branches="292,297"/>
						<line number="292" hits="0"/>
						<line number="295" hits="0"/>
						<line number="297" hits="0"/>
						<line number="298" hits="0"/>
						<line number="300" hits="1"/>
						<line number="304" hits="0" branch="true" condition-coverage="0% (0/2)" missing-branches="305,309"/>
						<line number="305" hits="0"/>
						<line number="309" hits="0" branch="true" condition-coverage="0% (0/2)" missing-branches="exit,315"/>
						<line number="315" hits="0"/>
						<line number="319" hits="1"/>
						<line number="327" hits="0" branch="true" condition-coverage="0% (0/2)" missing-branches="exit,328"/>
						<line number="328" hits="0" branch="true" condition-coverage="0% (0/2)" missing-branches="327,329"/>
						<line number="329" hits="0" branch="true" condition-coverage="0% (0/2)" missing-branches="328,330"/>
						<line number="330" hits="0"/>
						<line number="332" hits="1"/>
						<line number="335" hits="1" branch="true" condition-coverage="66% (2/3)" missing-branches="exit"/>
						<line number="338" hits="1" branch="true" condition-coverage="50% (1/2)" missing-branches="339"/>
						<line number="339" hits="0"/>
						<line number="340" hits="0"/>
						<line number="346" hits="1" branch="true" condition-coverage="100% (2/2)"/>
						<line number="351" hits="1"/>
						<line number="354" hits="1"/>
						<line number="356" hits="1" branch="true" condition-coverage="50% (1/2)" missing-branches="357"/>
						<line number="357" hits="0" branch="true" condition-coverage="0% (0/2)" missing-branches="358,363"/>
						<line number="358" hits="0"/>
						<line number="361" hits="0"/>
						<line number="363" hits="1"/>
						<line number="364" hits="1"/>
						<line number="365" hits="0"/>
						<line number="366" hits="0"/>
						<line number="369" hits="0"/>
						<line number="371" hits="1"/>
						<line number="373" hits="1" branch="true" condition-coverage="50% (1/2)" missing-branches="376"/>
						<line number="374" hits="1"/>
						<line number="376" hits="0"/>
						<line number="377" hits="0" branch="true" condition-coverage="0% (0/2)" missing-branches="378,383"/>
						<line number="378" hits="0"/>
						<line number="381" hits="0"/>
						<line number="383" hits="0" branch="true" condition-coverage="0% (0/2)" missing-branches="384,387"/>
						<line number="384" hits="0"/>
						<line number="385" hits="0"/>
						<line number="387" hits="0"/>
						<line number="389" hits="1"/>
						<line number="392" hits="0" branch="true" condition-coverage="0% (0/2)" missing-branches="393,397"/>
						<line number="393" hits="0" branch="true" condition-coverage="0% (0/2)" missing-branches="392,394"/>
						<line number="394" hits="0"/>
						<line number="395" hits="0"/>
						<line number="397" hits="0"/>
						<line number="399" hits="1"/>
						<line number="401" hits="0" branch="true" condition-coverage="0% (0/3)" missing-branches="exit,402,420"/>
						<line number="402" hits="0" branch="true" condition-coverage="0% (0/2)" missing-branches="403,406"/>
						<line number="403" hits="0"/>
						<line number="404" hits="0"/>
						<line number="406" hits="0" branch="true" condition-coverage="0% (0/2)" missing-branches="407,411"/>
						<line number="407" hits="0"/>
						<line number="408" hits="0"/>
						<line number="411" hits="0" branch="true" condition-coverage="0% (0/2)" missing-branches="401,412"/>
						<line number="412" hits="0"/>
						<line number="413" hits="0"/>
						<line number="414" hits="0" branch="true" condition-coverage="0% (0/2)" missing-branches="401,415"/>
						<line number="415" hits="0"/>
						<line number="418" hits="0"/>
						<line number="420" hits="0"/>
						<line number="422" hits="1"/>
						<line number="424" hits="0"/>
						<line number="425" hits="0"/>
						<line number="426" hits="0" branch="true" condition-coverage="0% (0/2)" missing-branches="428,434"/>
						<line number="428" hits="0"/>
						<line number="429" hits="0"/>
						<line number="434" hits="0" branch="true" condition-coverage="0% (0/2)" missing-branches="435,437"/>
						<line number="435" hits="0"/>
						<line number="437" hits="0" branch="true" condition-coverage="0% (0/2)" missing-branches="438,442"/>
						<line number="438" hits="0"/>
						<line number="439" hits="0" branch="true" condition-coverage="0% (0/2)" missing-branches="437,440"/>
						<line number="440" hits="0"/>
						<line number="442" hits="0"/>
						<line number="444" hits="1"/>
						<line number="446" hits="1" branch="true" condition-coverage="100% (2/2)"/>
						<line number="447" hits="1"/>
						<line number="448" hits="1"/>
						<line number="449" hits="1"/>
						<line number="451" hits="1"/>
						<line number="453" hits="0" branch="true" condition-coverage="0% (0/2)" missing-branches="454,456"/>
						<line number="454" hits="0"/>
						<line number="456" hits="0"/>
						<line number="458" hits="1"/>
						<line number="460" hits="0"/>
						<line number="461" hits="0" branch="true" condition-coverage="0% (0/3)" missing-branches="exit,462,484"/>
						<line number="462" hits="0"/>
						<line number="463" hits="0" branch="true" condition-coverage="0% (0/2)" missing-branches="461,466"/>
						<line number="466" hits="0"/>
						<line number="467" hits="0"/>
						<line number="470" hits="0"/>
						<line number="472" hits="0"/>
						<line number="479" hits="0"/>
						<line number="480" hits="0" branch="true" condition-coverage="0% (0/2)" missing-branches="463,481"/>
						<line number="481" hits="0"/>
						<line number="482" hits="0"/>
						<line number="484" hits="0"/>
						<line number="486" hits="1"/>
						<line number="489" hits="0"/>
						<line number="490" hits="0" branch="true" condition-coverage="0% (0/2)" missing-branches="exit,491"/>
						<line number="491" hits="0"/>
						<line number="493" hits="1"/>
						<line number="495" hits="0"/>
						<line number="501" hits="1"/>
						<line number="503" hits="1"/>
						<line number="504" hits="1"/>
						<line number="505" hits="1"/>
						<line number="508" hits="1"/>
						<line number="509" hits="1"/>
						<line number="511" hits="1"/>
						<line number="513" hits="0" branch="true" condition-coverage="0% (0/2)" missing-branches="exit,514"/>
						<line number="514" hits="0"/>
						<line number="516" hits="1"/>
						<line number="520" hits="1" branch="true" condition-coverage="100% (2/2)"/>
						<line number="521" hits="1"/>
						<line number="522" hits="1"/>
						<line number="524" hits="1"/>
						<line number="529" hits="1"/>
						<line number="538" hits="0"/>
						<line number="539" hits="0" branch="true" condition-coverage="0% (0/2)" missing-branches="exit,540"/>
						<line number="540" hits="0"/>
						<line number="541" hits="0"/>
						<line number="542" hits="0"/>
						<line number="543" hits="0" branch="true" condition-coverage="0% (0/2)" missing-branches="539,544"/>
						<line number="544" hits="0"/>
						<line number="546" hits="1"/>
						<line number="548" hits="1"/>
						<line number="549" hits="1" branch="true" condition-coverage="100% (2/2)"/>
						<line number="550" hits="1" branch="true" condition-coverage="100% (2/2)"/>
						<line number="551" hits="1" branch="true" condition-coverage="100% (2/2)"/>
						<line number="552" hits="1"/>
						<line number="554" hits="1"/>
						<line number="558" hits="0" branch="true" condition-coverage="0% (0/2)" missing-branches="exit,559"/>
						<line number="559" hits="0"/>
						<line number="560" hits="0"/>
						<line number="561" hits="0"/>
						<line number="562" hits="0"/>
						<line number="564" hits="1"/>
						<line number="568" hits="1" branch="true" condition-coverage="100% (2/2)"/>
						<line number="569" hits="1"/>
						<line number="570" hits="1"/>
						<line number="571" hits="1"/>
						<line number="572" hits="1"/>
						<line number="574" hits="1"/>
						<line number="582" hits="0" branch="true" condition-coverage="0% (0/2)" missing-branches="583,592"/>
						<line number="583" hits="0"/>
						<line number="584" hits="0"/>
						<line number="587" hits="0"/>
						<line number="589" hits="0"/>
						<line number="590" hits="0"/>
						<line number="592" hits="0"/>
						<line number="594" hits="1"/>
						<line number="596" hits="0" branch="true" condition-coverage="0% (0/2)" missing-branches="597,602"/>
						<line number="597" hits="0"/>
						<line number="600" hits="0"/>
						<line number="602" hits="0"/>
						<line number="603" hits="0" branch="true" condition-coverage="0% (0/2)" missing-branches="604,606"/>
						<line number="604" hits="0"/>
						<line number="606" hits="0" branch="true" condition-coverage="0% (0/2)" missing-branches="exit,607"/>
						<line number="607" hits="0" branch="true" condition-coverage="0% (0/2)" missing-branches="606,608"/>
						<line number="608" hits="0"/>
						<line number="609" hits="0" branch="true" condition-coverage="0% (0/2)" missing-branches="607,610"/>
						<line number="610" hits="0"/>
						<line number="612" hits="1"/>
						<line number="614" hits="0" branch="true" condition-coverage="0% (0/2)" missing-branches="615,617"/>
						<line number="615" hits="0"/>
						<line number="617" hits="0" branch="true" condition-coverage="0% (0/2)" missing-branches="618,624"/>
						<line number="618" hits="0"/>
						<line number="622" hits="0"/>
						<line number="624" hits="0"/>
						<line number="630" hits="0" branch="true" condition-coverage="0% (0/2)" missing-branches="631,637"/>
						<line number="631" hits="0"/>
						<line number="632" hits="0"/>
						<line number="633" hits="0"/>
						<line number="634" hits="0"/>
						<line number="635" hits="0"/>
						<line number="637" hits="0"/>
						<line number="639" hits="1"/>
						<line number="645" hits="0" branch="true" condition-coverage="0% (0/2)" missing-branches="646,660"/>
						<line number="646" hits="0" branch="true" condition-coverage="0% (0/2)" missing-branches="645,647"/>
						<line number="647" hits="0"/>
						<line number="650" hits="0" branch="true" condition-coverage="0% (0/3)" missing-branches="exit,646,651"/>
						<line number="651" hits="0"/>
						<line number="654" hits="0" branch="true" condition-coverage="0% (0/2)" missing-branches="650,658"/>
						<line number="658" hits="0"/>
						<line number="660" hits="0"/>
						<line number="662" hits="1"/>
						<line number="664" hits="0" branch="true" condition-coverage="0% (0/2)" missing-branches="exit,665"/>
						<line number="665" hits="0"/>
						<line number="667" hits="1"/>
						<line number="672" hits="1"/>
						<line number="674" hits="0" branch="true" condition-coverage="0% (0/2)" missing-branches="exit,675"/>
						<line number="675" hits="0"/>
						<line number="676" hits="0"/>
						<line number="677" hits="0" branch="true" condition-coverage="0% (0/2)" missing-branches="674,678"/>
						<line number="678" hits="0"/>
						<line number="683" hits="1"/>
						<line number="684" hits="1"/>
						<line number="685" hits="1"/>
						<line number="686" hits="1"/>
						<line number="687" hits="1"/>
						<line number="688" hits="1"/>
					</lines>
				</class>
				<class name="upgrade.py" filename="src/upgrades/upgrade.py" complexity="0" line-rate="0.5745" branch-rate="0.2">
					<methods/>
					<lines>
						<line number="10" hits="1"/>
						<line number="11" hits="1"/>
						<line number="12" hits="1"/>
						<line number="13" hits="1"/>
						<line number="14" hits="1"/>
						<line number="15" hits="1"/>
						<line number="16" hits="1"/>
						<line number="18" hits="1"/>
						<line number="19" hits="1"/>
						<line number="20" hits="1"/>
						<line number="21" hits="1"/>
						<line number="23" hits="1"/>
						<line number="24" hits="1"/>
						<line number="26" hits="1"/>
						<line number="28" hits="1"/>
						<line number="29" hits="1"/>
						<line number="30" hits="1"/>
						<line number="31" hits="1"/>
						<line number="34" hits="1"/>
						<line number="36" hits="1"/>
						<line number="39" hits="1"/>
						<line number="42" hits="1"/>
						<line number="43" hits="0"/>
						<line number="44" hits="0"/>
						<line number="51" hits="1"/>
						<line number="55" hits="1"/>
						<line number="58" hits="1"/>
						<line number="59" hits="1"/>
						<line number="60" hits="1"/>
						<line number="61" hits="1"/>
						<line number="64" hits="1"/>
						<line number="67" hits="1"/>
						<line number="68" hits="1"/>
						<line number="69" hits="1" branch="true" condition-coverage="100% (2/2)"/>
						<line number="70" hits="1"/>
						<line number="71" hits="1"/>
						<line number="72" hits="1"/>
						<line number="73" hits="1"/>
						<line number="74" hits="1"/>
						<line number="75" hits="1"/>
						<line number="76" hits="1"/>
						<line number="77" hits="1"/>
						<line number="78" hits="1"/>
						<line number="79" hits="1" branch="true" condition-coverage="100% (2/2)"/>
						<line number="83" hits="1"/>
						<line number="85" hits="1"/>
						<line number="86" hits="1"/>
						<line number="88" hits="0" branch="true" condition-coverage="0% (0/2)" missing-branches="exit,89"/>
						<line number="89" hits="0"/>
						<line number="91" hits="1"/>
						<line number="92" hits="1"/>
						<line number="93" hits="0"/>
						<line number="95" hits="1"/>
						<line number="96" hits="1"/>
						<line number="98" hits="0"/>
						<line number="99" hits="0"/>
						<line number="100" hits="0"/>
						<line number="103" hits="0"/>
						<line number="104" hits="0"/>
						<line number="105" hits="0"/>
						<line number="107" hits="0"/>
						<line number="108" hits="0" branch="true" condition-coverage="0% (0/2)" missing-branches="exit,112"/>
						<line number="112" hits="0"/>
						<line number="113" hits="0"/>
						<line number="114" hits="0" branch="true" condition-coverage="0% (0/2)" missing-branches="exit,117"/>
						<line number="117" hits="0"/>
						<line number="119" hits="0" branch="true" condition-coverage="0% (0/2)" missing-branches="123,127"/>
						<line number="123" hits="0"/>
						<line number="126" hits="0"/>
						<line number="127" hits="0" branch="true" condition-coverage="0% (0/2)" missing-branches="131,135"/>
						<line number="131" hits="0"/>
						<line number="134" hits="0"/>
						<line number="135" hits="0"/>
						<line number="138" hits="0"/>
						<line number="139" hits="0"/>
						<line number="140" hits="0"/>
						<line number="141" hits="0"/>
						<line number="143" hits="1"/>
						<line number="144" hits="1"/>
						<line number="146" hits="1"/>
						<line number="149" hits="1" branch="true" condition-coverage="100% (2/2)"/>
						<line number="154" hits="1"/>
						<line number="155" hits="1"/>
						<line number="157" hits="1"/>
						<line number="159" hits="1"/>
						<line number="160" hits="1"/>
						<line number="163" hits="1"/>
						<line number="165" hits="0" branch="true" condition-coverage="0% (0/2)" missing-branches="exit,166"/>
						<line number="166" hits="0"/>
						<line number="168" hits="1"/>
						<line number="169" hits="1"/>
						<line number="171" hits="0" branch="true" condition-coverage="0% (0/2)" missing-branches="172,173"/>
						<line number="172" hits="0"/>
						<line number="173" hits="0" branch="true" condition-coverage="0% (0/2)" missing-branches="177,185"/>
						<line number="177" hits="0"/>
						<line number="178" hits="0" branch="true" condition-coverage="0% (0/2)" missing-branches="179,182"/>
						<line number="179" hits="0"/>
						<line number="182" hits="0"/>
						<line number="185" hits="0"/>
						<line number="189" hits="1"/>
						<line number="190" hits="1"/>
						<line number="197" hits="0"/>
						<line number="199" hits="1"/>
						<line number="205" hits="0"/>
						<line number="206" hits="0"/>
						<line number="207" hits="0"/>
						<line number="208" hits="0"/>
						<line number="210" hits="1"/>
						<line number="211" hits="1"/>
						<line number="212" hits="1"/>
						<line number="215" hits="1"/>
						<line number="216" hits="1"/>
						<line number="217" hits="1"/>
						<line number="230" hits="1"/>
						<line number="231" hits="1"/>
						<line number="232" hits="1"/>
						<line number="241" hits="1"/>
						<line number="242" hits="1"/>
						<line number="245" hits="1"/>
						<line number="246" hits="1"/>
						<line number="247" hits="1"/>
						<line number="253" hits="1"/>
						<line number="254" hits="1"/>
						<line number="260" hits="1"/>
						<line number="280" hits="0"/>
						<line number="283" hits="0"/>
						<line number="284" hits="0"/>
						<line number="285" hits="0"/>
						<line number="286" hits="0"/>
						<line number="287" hits="0"/>
						<line number="294" hits="0"/>
						<line number="295" hits="0"/>
						<line number="296" hits="0"/>
						<line number="297" hits="0"/>
						<line number="298" hits="0"/>
						<line number="300" hits="0" branch="true" condition-coverage="0% (0/2)" missing-branches="301,304"/>
						<line number="301" hits="0"/>
						<line number="302" hits="0"/>
						<line number="304" hits="0" branch="true" condition-coverage="0% (0/2)" missing-branches="exit,305"/>
						<line number="305" hits="0" branch="true" condition-coverage="0% (0/2)" missing-branches="exit,306"/>
						<line number="306" hits="0"/>
					</lines>
				</class>
			</classes>
		</package>
	</packages>
</coverage>
