<?xml version="1.0" ?>
<coverage version="7.6.1" timestamp="1724050667046" lines-valid="1115" lines-covered="191" line-rate="0.1713" branches-valid="349" branches-covered="12" branch-rate="0.03438" complexity="0">
	<!-- Generated by coverage.py: https://coverage.readthedocs.io/en/7.6.1 -->
	<!-- Based on https://raw.githubusercontent.com/cobertura/web/master/htdocs/xml/coverage-04.dtd -->
	<sources>
		<source>/home/ubuntu/mongodb-operator</source>
	</sources>
	<packages>
		<package name="lib.charms.mongodb.v0" line-rate="0.75" branch-rate="0.2778" complexity="0">
			<classes>
				<class name="mongo.py" filename="lib/charms/mongodb/v0/mongo.py" complexity="0" line-rate="0.75" branch-rate="0.2778">
					<methods/>
					<lines>
						<line number="5" hits="1"/>
						<line number="6" hits="1"/>
						<line number="7" hits="1"/>
						<line number="8" hits="1"/>
						<line number="9" hits="1"/>
						<line number="11" hits="1"/>
						<line number="12" hits="1"/>
						<line number="13" hits="1"/>
						<line number="19" hits="1"/>
						<line number="24" hits="1"/>
						<line number="27" hits="1"/>
						<line number="31" hits="1"/>
						<line number="34" hits="1"/>
						<line number="37" hits="1" branch="true" condition-coverage="100% (2/2)"/>
						<line number="38" hits="1"/>
						<line number="51" hits="1"/>
						<line number="52" hits="1"/>
						<line number="53" hits="1"/>
						<line number="54" hits="1"/>
						<line number="55" hits="1"/>
						<line number="56" hits="1"/>
						<line number="57" hits="1"/>
						<line number="59" hits="1"/>
						<line number="60" hits="1"/>
						<line number="61" hits="1"/>
						<line number="65" hits="1"/>
						<line number="88" hits="1"/>
						<line number="97" hits="1" branch="true" condition-coverage="50% (1/2)" missing-branches="100"/>
						<line number="98" hits="1"/>
						<line number="100" hits="1"/>
						<line number="107" hits="1"/>
						<line number="109" hits="1"/>
						<line number="111" hits="1"/>
						<line number="113" hits="1"/>
						<line number="115" hits="1"/>
						<line number="116" hits="1"/>
						<line number="118" hits="1"/>
						<line number="119" hits="1"/>
						<line number="129" hits="1"/>
						<line number="130" hits="1" branch="true" condition-coverage="0% (0/2)" missing-branches="131,137"/>
						<line number="131" hits="0" branch="true" condition-coverage="0% (0/2)" missing-branches="130,133"/>
						<line number="133" hits="0"/>
						<line number="134" hits="1"/>
						<line number="135" hits="1"/>
						<line number="137" hits="0"/>
						<line number="139" hits="1"/>
						<line number="144" hits="1"/>
						<line number="152" hits="1"/>
						<line number="154" hits="1"/>
						<line number="160" hits="1"/>
						<line number="162" hits="0"/>
						<line number="168" hits="1"/>
						<line number="176" hits="0"/>
						<line number="177" hits="0"/>
						<line number="180" hits="0"/>
						<line number="181" hits="0" branch="true" condition-coverage="0% (0/2)" missing-branches="exit,182"/>
						<line number="182" hits="0"/>
						<line number="183" hits="0"/>
						<line number="185" hits="1"/>
						<line number="186" hits="1"/>
						<line number="188" hits="1"/>
						<line number="210" hits="1" branch="true" condition-coverage="100% (2/2)"/>
						<line number="212" hits="1"/>
						<line number="214" hits="1"/>
						<line number="216" hits="1"/>
						<line number="218" hits="0"/>
						<line number="219" hits="0" branch="true" condition-coverage="0% (0/2)" missing-branches="exit,exit"/>
						<line number="227" hits="1"/>
						<line number="229" hits="0"/>
						<line number="230" hits="0"/>
						<line number="231" hits="0" branch="true" condition-coverage="0% (0/2)" missing-branches="exit,exit"/>
						<line number="233" hits="1"/>
						<line number="235" hits="0"/>
						<line number="236" hits="0" branch="true" condition-coverage="0% (0/2)" missing-branches="237,238"/>
						<line number="237" hits="0"/>
						<line number="238" hits="0"/>
					</lines>
				</class>
			</classes>
		</package>
		<package name="lib.charms.mongodb.v1" line-rate="0.464" branch-rate="0.14" complexity="0">
			<classes>
				<class name="mongodb.py" filename="lib/charms/mongodb/v1/mongodb.py" complexity="0" line-rate="0.464" branch-rate="0.14">
					<methods/>
					<lines>
						<line number="6" hits="1"/>
						<line number="7" hits="1"/>
						<line number="8" hits="1"/>
						<line number="9" hits="1"/>
						<line number="11" hits="1"/>
						<line number="12" hits="1"/>
						<line number="13" hits="1"/>
						<line number="14" hits="1"/>
						<line number="24" hits="1"/>
						<line number="27" hits="1"/>
						<line number="30" hits="1"/>
						<line number="34" hits="1"/>
						<line number="37" hits="1"/>
						<line number="40" hits="1"/>
						<line number="44" hits="1" branch="true" condition-coverage="100% (2/2)"/>
						<line number="45" hits="1"/>
						<line number="48" hits="1"/>
						<line number="49" hits="1"/>
						<line number="51" hits="1"/>
						<line number="52" hits="1"/>
						<line number="54" hits="0"/>
						<line number="56" hits="0"/>
						<line number="57" hits="0" branch="true" condition-coverage="0% (0/2)" missing-branches="58,60"/>
						<line number="58" hits="0"/>
						<line number="60" hits="0" branch="true" condition-coverage="0% (0/2)" missing-branches="61,67"/>
						<line number="61" hits="0"/>
						<line number="67" hits="0"/>
						<line number="76" hits="1"/>
						<line number="97" hits="1"/>
						<line number="106" hits="1"/>
						<line number="107" hits="1"/>
						<line number="109" hits="1"/>
						<line number="115" hits="1"/>
						<line number="121" hits="1" branch="true" condition-coverage="100% (2/2)"/>
						<line number="125" hits="1"/>
						<line number="126" hits="1"/>
						<line number="127" hits="1"/>
						<line number="128" hits="1" branch="true" condition-coverage="50% (1/2)" missing-branches="exit"/>
						<line number="133" hits="1"/>
						<line number="134" hits="1"/>
						<line number="136" hits="1"/>
						<line number="145" hits="0"/>
						<line number="146" hits="0"/>
						<line number="147" hits="0" branch="true" condition-coverage="0% (0/2)" missing-branches="148,151"/>
						<line number="148" hits="0"/>
						<line number="149" hits="0"/>
						<line number="151" hits="0"/>
						<line number="153" hits="1"/>
						<line number="162" hits="1"/>
						<line number="163" hits="0" branch="true" condition-coverage="0% (0/2)" missing-branches="exit,166"/>
						<line number="166" hits="0"/>
						<line number="168" hits="1"/>
						<line number="174" hits="1"/>
						<line number="175" hits="1"/>
						<line number="181" hits="1" branch="true" condition-coverage="50% (1/2)" missing-branches="187"/>
						<line number="183" hits="1"/>
						<line number="187" hits="0" branch="true" condition-coverage="0% (0/2)" missing-branches="exit,188"/>
						<line number="188" hits="0"/>
						<line number="190" hits="0"/>
						<line number="191" hits="0"/>
						<line number="192" hits="0"/>
						<line number="193" hits="0"/>
						<line number="195" hits="1"/>
						<line number="201" hits="1"/>
						<line number="207" hits="1"/>
						<line number="208" hits="1"/>
						<line number="212" hits="1" branch="true" condition-coverage="50% (1/2)" missing-branches="218"/>
						<line number="215" hits="1"/>
						<line number="218" hits="0"/>
						<line number="219" hits="0" branch="true" condition-coverage="0% (0/2)" missing-branches="220,222"/>
						<line number="220" hits="0"/>
						<line number="222" hits="0"/>
						<line number="223" hits="0" branch="true" condition-coverage="0% (0/2)" missing-branches="exit,228"/>
						<line number="228" hits="0"/>
						<line number="229" hits="0"/>
						<line number="231" hits="1"/>
						<line number="233" hits="0"/>
						<line number="235" hits="1"/>
						<line number="242" hits="0"/>
						<line number="243" hits="0" branch="true" condition-coverage="0% (0/2)" missing-branches="245,247"/>
						<line number="245" hits="0"/>
						<line number="247" hits="0"/>
						<line number="248" hits="0"/>
						<line number="249" hits="0"/>
						<line number="250" hits="0" branch="true" condition-coverage="0% (0/2)" missing-branches="251,261"/>
						<line number="251" hits="0" branch="true" condition-coverage="0% (0/2)" missing-branches="250,252"/>
						<line number="252" hits="0"/>
						<line number="253" hits="0" branch="true" condition-coverage="0% (0/2)" missing-branches="251,254"/>
						<line number="254" hits="0"/>
						<line number="255" hits="0"/>
						<line number="258" hits="0"/>
						<line number="261" hits="0"/>
						<line number="263" hits="0" branch="true" condition-coverage="0% (0/2)" missing-branches="exit,264"/>
						<line number="264" hits="0"/>
						<line number="266" hits="1"/>
						<line number="268" hits="0"/>
						<line number="269" hits="0"/>
						<line number="270" hits="0"/>
						<line number="275" hits="0"/>
						<line number="277" hits="0" branch="true" condition-coverage="0% (0/2)" missing-branches="278,283"/>
						<line number="278" hits="0" branch="true" condition-coverage="0% (0/2)" missing-branches="279,281"/>
						<line number="279" hits="0"/>
						<line number="281" hits="0"/>
						<line number="283" hits="0" branch="true" condition-coverage="0% (0/2)" missing-branches="284,286"/>
						<line number="284" hits="0"/>
						<line number="286" hits="0"/>
						<line number="287" hits="0"/>
						<line number="289" hits="1"/>
						<line number="296" hits="0" branch="true" condition-coverage="0% (0/2)" missing-branches="exit,exit"/>
						<line number="302" hits="1"/>
						<line number="304" hits="0"/>
						<line number="306" hits="0"/>
						<line number="308" hits="0" branch="true" condition-coverage="0% (0/2)" missing-branches="310,313"/>
						<line number="310" hits="0" branch="true" condition-coverage="0% (0/2)" missing-branches="308,311"/>
						<line number="311" hits="0"/>
						<line number="313" hits="0"/>
						<line number="315" hits="1"/>
						<line number="316" hits="1"/>
						<line number="325" hits="0" branch="true" condition-coverage="0% (0/2)" missing-branches="exit,exit"/>
						<line number="330" hits="1"/>
						<line number="331" hits="1"/>
						<line number="340" hits="0" branch="true" condition-coverage="0% (0/2)" missing-branches="exit,exit"/>
						<line number="342" hits="1"/>
						<line number="343" hits="1"/>
						<line number="351" hits="0"/>
					</lines>
				</class>
			</classes>
		</package>
		<package name="src" line-rate="0.08315" branch-rate="0" complexity="0">
			<classes>
				<class name="charm.py" filename="src/charm.py" complexity="0" line-rate="0" branch-rate="0">
					<methods/>
					<lines>
						<line number="5" hits="0"/>
						<line number="6" hits="0"/>
						<line number="7" hits="0"/>
						<line number="8" hits="0"/>
						<line number="9" hits="0"/>
						<line number="10" hits="0"/>
						<line number="11" hits="0"/>
						<line number="12" hits="0"/>
						<line number="14" hits="0"/>
						<line number="15" hits="0"/>
						<line number="16" hits="0"/>
						<line number="17" hits="0"/>
						<line number="18" hits="0"/>
						<line number="29" hits="0"/>
						<line number="34" hits="0"/>
						<line number="35" hits="0"/>
						<line number="36" hits="0"/>
						<line number="37" hits="0"/>
						<line number="38" hits="0"/>
						<line number="39" hits="0"/>
						<line number="46" hits="0"/>
						<line number="47" hits="0"/>
						<line number="48" hits="0"/>
						<line number="53" hits="0"/>
						<line number="68" hits="0"/>
						<line number="69" hits="0"/>
						<line number="79" hits="0"/>
						<line number="80" hits="0"/>
						<line number="82" hits="0"/>
						<line number="83" hits="0"/>
						<line number="88" hits="0"/>
						<line number="94" hits="0"/>
						<line number="96" hits="0"/>
						<line number="98" hits="0"/>
						<line number="99" hits="0"/>
						<line number="100" hits="0"/>
						<line number="103" hits="0"/>
						<line number="106" hits="0"/>
						<line number="107" hits="0"/>
						<line number="108" hits="0"/>
						<line number="111" hits="0"/>
						<line number="112" hits="0"/>
						<line number="113" hits="0"/>
						<line number="114" hits="0"/>
						<line number="115" hits="0"/>
						<line number="118" hits="0"/>
						<line number="121" hits="0"/>
						<line number="126" hits="0"/>
						<line number="127" hits="0"/>
						<line number="130" hits="0"/>
						<line number="131" hits="0"/>
						<line number="132" hits="0"/>
						<line number="135" hits="0"/>
						<line number="136" hits="0"/>
						<line number="139" hits="0"/>
						<line number="140" hits="0"/>
						<line number="141" hits="0"/>
						<line number="144" hits="0"/>
						<line number="154" hits="0"/>
						<line number="155" hits="0"/>
						<line number="156" hits="0"/>
						<line number="157" hits="0"/>
						<line number="158" hits="0"/>
						<line number="161" hits="0"/>
						<line number="169" hits="0"/>
						<line number="172" hits="0"/>
						<line number="174" hits="0"/>
						<line number="188" hits="0"/>
						<line number="189" hits="0"/>
						<line number="191" hits="0"/>
						<line number="192" hits="0" branch="true" condition-coverage="0% (0/2)" missing-branches="193,199"/>
						<line number="193" hits="0"/>
						<line number="194" hits="0"/>
						<line number="195" hits="0"/>
						<line number="196" hits="0"/>
						<line number="199" hits="0" branch="true" condition-coverage="0% (0/2)" missing-branches="200,203"/>
						<line number="200" hits="0"/>
						<line number="203" hits="0" branch="true" condition-coverage="0% (0/2)" missing-branches="204,207"/>
						<line number="204" hits="0" branch="true" condition-coverage="0% (0/2)" missing-branches="203,205"/>
						<line number="205" hits="0"/>
						<line number="207" hits="0"/>
						<line number="209" hits="0"/>
						<line number="210" hits="0"/>
						<line number="212" hits="0" branch="true" condition-coverage="0% (0/2)" missing-branches="213,216"/>
						<line number="213" hits="0"/>
						<line number="214" hits="0"/>
						<line number="216" hits="0"/>
						<line number="218" hits="0"/>
						<line number="219" hits="0"/>
						<line number="225" hits="0" branch="true" condition-coverage="0% (0/2)" missing-branches="exit,227"/>
						<line number="227" hits="0"/>
						<line number="228" hits="0"/>
						<line number="229" hits="0"/>
						<line number="230" hits="0"/>
						<line number="231" hits="0" branch="true" condition-coverage="0% (0/2)" missing-branches="232,233"/>
						<line number="232" hits="0"/>
						<line number="233" hits="0"/>
						<line number="234" hits="0"/>
						<line number="236" hits="0"/>
						<line number="237" hits="0"/>
						<line number="243" hits="0"/>
						<line number="245" hits="0"/>
						<line number="246" hits="0"/>
						<line number="248" hits="0"/>
						<line number="250" hits="0"/>
						<line number="254" hits="0"/>
						<line number="256" hits="0"/>
						<line number="260" hits="0"/>
						<line number="264" hits="0"/>
						<line number="265" hits="0"/>
						<line number="267" hits="0"/>
						<line number="269" hits="0"/>
						<line number="270" hits="0"/>
						<line number="272" hits="0"/>
						<line number="274" hits="0"/>
						<line number="275" hits="0"/>
						<line number="277" hits="0"/>
						<line number="278" hits="0"/>
						<line number="282" hits="0"/>
						<line number="283" hits="0"/>
						<line number="285" hits="0" branch="true" condition-coverage="0% (0/2)" missing-branches="286,288"/>
						<line number="286" hits="0"/>
						<line number="288" hits="0"/>
						<line number="290" hits="0"/>
						<line number="291" hits="0"/>
						<line number="293" hits="0" branch="true" condition-coverage="0% (0/2)" missing-branches="294,296"/>
						<line number="294" hits="0"/>
						<line number="296" hits="0"/>
						<line number="298" hits="0"/>
						<line number="299" hits="0"/>
						<line number="305" hits="0"/>
						<line number="307" hits="0"/>
						<line number="308" hits="0"/>
						<line number="310" hits="0" branch="true" condition-coverage="0% (0/2)" missing-branches="311,313"/>
						<line number="311" hits="0"/>
						<line number="313" hits="0"/>
						<line number="315" hits="0"/>
						<line number="316" hits="0"/>
						<line number="318" hits="0"/>
						<line number="320" hits="0"/>
						<line number="321" hits="0"/>
						<line number="323" hits="0" branch="true" condition-coverage="0% (0/2)" missing-branches="328,331"/>
						<line number="328" hits="0"/>
						<line number="330" hits="0"/>
						<line number="331" hits="0" branch="true" condition-coverage="0% (0/2)" missing-branches="333,335"/>
						<line number="333" hits="0"/>
						<line number="335" hits="0"/>
						<line number="337" hits="0"/>
						<line number="339" hits="0"/>
						<line number="341" hits="0"/>
						<line number="343" hits="0"/>
						<line number="345" hits="0"/>
						<line number="346" hits="0"/>
						<line number="348" hits="0" branch="true" condition-coverage="0% (0/2)" missing-branches="349,351"/>
						<line number="349" hits="0"/>
						<line number="351" hits="0"/>
						<line number="355" hits="0"/>
						<line number="356" hits="0"/>
						<line number="358" hits="0" branch="true" condition-coverage="0% (0/2)" missing-branches="359,360"/>
						<line number="359" hits="0"/>
						<line number="360" hits="0"/>
						<line number="362" hits="0"/>
						<line number="363" hits="0"/>
						<line number="365" hits="0" branch="true" condition-coverage="0% (0/2)" missing-branches="exit,366"/>
						<line number="366" hits="0"/>
						<line number="372" hits="0"/>
						<line number="374" hits="0"/>
						<line number="375" hits="0"/>
						<line number="376" hits="0"/>
						<line number="378" hits="0"/>
						<line number="379" hits="0"/>
						<line number="380" hits="0"/>
						<line number="384" hits="0"/>
						<line number="385" hits="0" branch="true" condition-coverage="0% (0/2)" missing-branches="386,392"/>
						<line number="386" hits="0"/>
						<line number="387" hits="0"/>
						<line number="388" hits="0"/>
						<line number="389" hits="0"/>
						<line number="392" hits="0"/>
						<line number="397" hits="0"/>
						<line number="399" hits="0"/>
						<line number="401" hits="0"/>
						<line number="408" hits="0" branch="true" condition-coverage="0% (0/2)" missing-branches="exit,410"/>
						<line number="410" hits="0" branch="true" condition-coverage="0% (0/2)" missing-branches="411,418"/>
						<line number="411" hits="0"/>
						<line number="414" hits="0"/>
						<line number="415" hits="0"/>
						<line number="418" hits="0"/>
						<line number="421" hits="0"/>
						<line number="425" hits="0"/>
						<line number="432" hits="0"/>
						<line number="433" hits="0"/>
						<line number="435" hits="0"/>
						<line number="436" hits="0"/>
						<line number="437" hits="0"/>
						<line number="438" hits="0"/>
						<line number="439" hits="0"/>
						<line number="440" hits="0"/>
						<line number="441" hits="0"/>
						<line number="442" hits="0"/>
						<line number="443" hits="0"/>
						<line number="445" hits="0"/>
						<line number="446" hits="0"/>
						<line number="447" hits="0" branch="true" condition-coverage="0% (0/2)" missing-branches="448,450"/>
						<line number="448" hits="0"/>
						<line number="450" hits="0"/>
						<line number="451" hits="0"/>
						<line number="452" hits="0"/>
						<line number="453" hits="0"/>
						<line number="456" hits="0" branch="true" condition-coverage="0% (0/3)" missing-branches="exit,457,464"/>
						<line number="457" hits="0" branch="true" condition-coverage="0% (0/2)" missing-branches="456,458"/>
						<line number="458" hits="0"/>
						<line number="459" hits="0"/>
						<line number="460" hits="0"/>
						<line number="461" hits="0"/>
						<line number="464" hits="0"/>
						<line number="466" hits="0"/>
						<line number="467" hits="0"/>
						<line number="468" hits="0"/>
						<line number="469" hits="0"/>
						<line number="472" hits="0"/>
						<line number="473" hits="0"/>
						<line number="476" hits="0" branch="true" condition-coverage="0% (0/2)" missing-branches="477,479"/>
						<line number="477" hits="0"/>
						<line number="479" hits="0"/>
						<line number="481" hits="0"/>
						<line number="487" hits="0" branch="true" condition-coverage="0% (0/2)" missing-branches="488,490"/>
						<line number="488" hits="0"/>
						<line number="490" hits="0" branch="true" condition-coverage="0% (0/2)" missing-branches="491,497"/>
						<line number="491" hits="0"/>
						<line number="494" hits="0"/>
						<line number="495" hits="0"/>
						<line number="497" hits="0"/>
						<line number="499" hits="0"/>
						<line number="501" hits="0"/>
						<line number="507" hits="0" branch="true" condition-coverage="0% (0/2)" missing-branches="508,517"/>
						<line number="508" hits="0"/>
						<line number="511" hits="0"/>
						<line number="512" hits="0"/>
						<line number="517" hits="0"/>
						<line number="518" hits="0"/>
						<line number="523" hits="0" branch="true" condition-coverage="0% (0/2)" missing-branches="524,526"/>
						<line number="524" hits="0"/>
						<line number="526" hits="0" branch="true" condition-coverage="0% (0/2)" missing-branches="exit,527"/>
						<line number="527" hits="0"/>
						<line number="528" hits="0"/>
						<line number="531" hits="0" branch="true" condition-coverage="0% (0/2)" missing-branches="532,534"/>
						<line number="532" hits="0"/>
						<line number="534" hits="0" branch="true" condition-coverage="0% (0/2)" missing-branches="526,535"/>
						<line number="535" hits="0"/>
						<line number="536" hits="0" branch="true" condition-coverage="0% (0/3)" missing-branches="526,539,546"/>
						<line number="539" hits="0" branch="true" condition-coverage="0% (0/2)" missing-branches="536,540"/>
						<line number="540" hits="0"/>
						<line number="543" hits="0"/>
						<line number="544" hits="0"/>
						<line number="545" hits="0"/>
						<line number="546" hits="0"/>
						<line number="547" hits="0"/>
						<line number="548" hits="0" branch="true" condition-coverage="0% (0/2)" missing-branches="549,554"/>
						<line number="549" hits="0"/>
						<line number="552" hits="0"/>
						<line number="553" hits="0"/>
						<line number="554" hits="0"/>
						<line number="555" hits="0"/>
						<line number="558" hits="0"/>
						<line number="559" hits="0"/>
						<line number="561" hits="0"/>
						<line number="563" hits="0" branch="true" condition-coverage="0% (0/2)" missing-branches="564,566"/>
						<line number="564" hits="0"/>
						<line number="566" hits="0"/>
						<line number="568" hits="0"/>
						<line number="575" hits="0" branch="true" condition-coverage="0% (0/2)" missing-branches="576,578"/>
						<line number="576" hits="0"/>
						<line number="578" hits="0" branch="true" condition-coverage="0% (0/2)" missing-branches="582,586"/>
						<line number="582" hits="0"/>
						<line number="586" hits="0"/>
						<line number="588" hits="0"/>
						<line number="594" hits="0" branch="true" condition-coverage="0% (0/2)" missing-branches="596,602"/>
						<line number="596" hits="0"/>
						<line number="602" hits="0" branch="true" condition-coverage="0% (0/2)" missing-branches="604,620"/>
						<line number="604" hits="0" branch="true" condition-coverage="0% (0/2)" missing-branches="605,611"/>
						<line number="605" hits="0"/>
						<line number="606" hits="0"/>
						<line number="607" hits="0"/>
						<line number="608" hits="0"/>
						<line number="611" hits="0" branch="true" condition-coverage="0% (0/2)" missing-branches="612,618"/>
						<line number="612" hits="0"/>
						<line number="613" hits="0"/>
						<line number="614" hits="0"/>
						<line number="615" hits="0"/>
						<line number="616" hits="0"/>
						<line number="618" hits="0"/>
						<line number="620" hits="0"/>
						<line number="623" hits="0"/>
						<line number="624" hits="0" branch="true" condition-coverage="0% (0/2)" missing-branches="exit,629"/>
						<line number="629" hits="0" branch="true" condition-coverage="0% (0/2)" missing-branches="624,631"/>
						<line number="631" hits="0" branch="true" condition-coverage="0% (0/2)" missing-branches="629,632"/>
						<line number="632" hits="0"/>
						<line number="633" hits="0" branch="true" condition-coverage="0% (0/2)" missing-branches="634,637"/>
						<line number="634" hits="0"/>
						<line number="637" hits="0"/>
						<line number="638" hits="0"/>
						<line number="640" hits="0"/>
						<line number="643" hits="0"/>
						<line number="644" hits="0" branch="true" condition-coverage="0% (0/2)" missing-branches="645,649"/>
						<line number="645" hits="0"/>
						<line number="646" hits="0"/>
						<line number="649" hits="0" branch="true" condition-coverage="0% (0/2)" missing-branches="650,653"/>
						<line number="650" hits="0"/>
						<line number="653" hits="0" branch="true" condition-coverage="0% (0/3)" missing-branches="exit,654,667"/>
						<line number="654" hits="0" branch="true" condition-coverage="0% (0/2)" missing-branches="653,658"/>
						<line number="658" hits="0" branch="true" condition-coverage="0% (0/2)" missing-branches="659,664"/>
						<line number="659" hits="0"/>
						<line number="662" hits="0"/>
						<line number="664" hits="0"/>
						<line number="665" hits="0"/>
						<line number="667" hits="0"/>
						<line number="668" hits="0"/>
						<line number="669" hits="0"/>
						<line number="672" hits="0"/>
						<line number="673" hits="0"/>
						<line number="675" hits="0"/>
						<line number="677" hits="0"/>
						<line number="678" hits="0"/>
						<line number="680" hits="0"/>
						<line number="682" hits="0"/>
						<line number="685" hits="0" branch="true" condition-coverage="0% (0/2)" missing-branches="686,687"/>
						<line number="686" hits="0"/>
						<line number="687" hits="0"/>
						<line number="688" hits="0"/>
						<line number="692" hits="0"/>
						<line number="695" hits="0" branch="true" condition-coverage="0% (0/2)" missing-branches="696,698"/>
						<line number="696" hits="0"/>
						<line number="698" hits="0"/>
						<line number="701" hits="0" branch="true" condition-coverage="0% (0/2)" missing-branches="702,704"/>
						<line number="702" hits="0"/>
						<line number="704" hits="0"/>
						<line number="705" hits="0" branch="true" condition-coverage="0% (0/2)" missing-branches="706,711"/>
						<line number="706" hits="0"/>
						<line number="709" hits="0"/>
						<line number="711" hits="0"/>
						<line number="712" hits="0"/>
						<line number="713" hits="0"/>
						<line number="714" hits="0"/>
						<line number="715" hits="0"/>
						<line number="717" hits="0" branch="true" condition-coverage="0% (0/2)" missing-branches="718,720"/>
						<line number="718" hits="0"/>
						<line number="720" hits="0" branch="true" condition-coverage="0% (0/2)" missing-branches="721,725"/>
						<line number="721" hits="0"/>
						<line number="725" hits="0" branch="true" condition-coverage="0% (0/2)" missing-branches="726,731"/>
						<line number="726" hits="0"/>
						<line number="731" hits="0"/>
						<line number="735" hits="0"/>
						<line number="741" hits="0" branch="true" condition-coverage="0% (0/2)" missing-branches="742,751"/>
						<line number="742" hits="0"/>
						<line number="743" hits="0"/>
						<line number="744" hits="0" branch="true" condition-coverage="0% (0/2)" missing-branches="745,748"/>
						<line number="745" hits="0"/>
						<line number="748" hits="0"/>
						<line number="749" hits="0"/>
						<line number="751" hits="0"/>
						<line number="755" hits="0"/>
						<line number="758" hits="0"/>
						<line number="762" hits="0"/>
						<line number="770" hits="0"/>
						<line number="771" hits="0" branch="true" condition-coverage="0% (0/2)" missing-branches="772,774"/>
						<line number="772" hits="0"/>
						<line number="773" hits="0"/>
						<line number="774" hits="0" branch="true" condition-coverage="0% (0/2)" missing-branches="775,778"/>
						<line number="775" hits="0"/>
						<line number="776" hits="0"/>
						<line number="778" hits="0"/>
						<line number="779" hits="0"/>
						<line number="780" hits="0"/>
						<line number="783" hits="0"/>
						<line number="786" hits="0"/>
						<line number="787" hits="0"/>
						<line number="793" hits="0"/>
						<line number="799" hits="0"/>
						<line number="810" hits="0" branch="true" condition-coverage="0% (0/2)" missing-branches="811,813"/>
						<line number="811" hits="0"/>
						<line number="813" hits="0"/>
						<line number="817" hits="0" branch="true" condition-coverage="0% (0/2)" missing-branches="818,820"/>
						<line number="818" hits="0"/>
						<line number="820" hits="0"/>
						<line number="821" hits="0"/>
						<line number="823" hits="0"/>
						<line number="829" hits="0"/>
						<line number="831" hits="0" branch="true" condition-coverage="0% (0/2)" missing-branches="832,834"/>
						<line number="832" hits="0"/>
						<line number="834" hits="0" branch="true" condition-coverage="0% (0/2)" missing-branches="835,846"/>
						<line number="835" hits="0"/>
						<line number="836" hits="0"/>
						<line number="839" hits="0"/>
						<line number="840" hits="0"/>
						<line number="841" hits="0"/>
						<line number="846" hits="0"/>
						<line number="848" hits="0"/>
						<line number="854" hits="0"/>
						<line number="856" hits="0" branch="true" condition-coverage="0% (0/2)" missing-branches="857,859"/>
						<line number="857" hits="0"/>
						<line number="859" hits="0" branch="true" condition-coverage="0% (0/2)" missing-branches="exit,861"/>
						<line number="861" hits="0"/>
						<line number="862" hits="0"/>
						<line number="865" hits="0"/>
						<line number="866" hits="0"/>
						<line number="867" hits="0"/>
						<line number="872" hits="0"/>
						<line number="873" hits="0"/>
						<line number="875" hits="0"/>
						<line number="876" hits="0"/>
						<line number="878" hits="0"/>
						<line number="881" hits="0"/>
						<line number="882" hits="0"/>
						<line number="884" hits="0"/>
						<line number="895" hits="0"/>
						<line number="898" hits="0"/>
						<line number="899" hits="0"/>
						<line number="901" hits="0"/>
						<line number="913" hits="0"/>
						<line number="915" hits="0"/>
						<line number="916" hits="0" branch="true" condition-coverage="0% (0/2)" missing-branches="917,922"/>
						<line number="917" hits="0"/>
						<line number="921" hits="0"/>
						<line number="922" hits="0"/>
						<line number="924" hits="0"/>
						<line number="926" hits="0" branch="true" condition-coverage="0% (0/2)" missing-branches="927,931"/>
						<line number="927" hits="0"/>
						<line number="928" hits="0"/>
						<line number="931" hits="0"/>
						<line number="932" hits="0" branch="true" condition-coverage="0% (0/2)" missing-branches="933,937"/>
						<line number="933" hits="0"/>
						<line number="934" hits="0"/>
						<line number="937" hits="0" branch="true" condition-coverage="0% (0/2)" missing-branches="938,941"/>
						<line number="938" hits="0"/>
						<line number="939" hits="0"/>
						<line number="941" hits="0" branch="true" condition-coverage="0% (0/2)" missing-branches="942,946"/>
						<line number="942" hits="0"/>
						<line number="943" hits="0"/>
						<line number="944" hits="0"/>
						<line number="946" hits="0"/>
						<line number="948" hits="0"/>
						<line number="949" hits="0"/>
						<line number="950" hits="0" branch="true" condition-coverage="0% (0/2)" missing-branches="exit,951"/>
						<line number="951" hits="0"/>
						<line number="953" hits="0"/>
						<line number="959" hits="0"/>
						<line number="960" hits="0"/>
						<line number="962" hits="0" branch="true" condition-coverage="0% (0/2)" missing-branches="exit,963"/>
						<line number="963" hits="0"/>
						<line number="965" hits="0"/>
						<line number="967" hits="0" branch="true" condition-coverage="0% (0/2)" missing-branches="968,970"/>
						<line number="968" hits="0"/>
						<line number="970" hits="0"/>
						<line number="971" hits="0"/>
						<line number="973" hits="0"/>
						<line number="975" hits="0"/>
						<line number="977" hits="0"/>
						<line number="978" hits="0"/>
						<line number="979" hits="0"/>
						<line number="980" hits="0"/>
						<line number="981" hits="0"/>
						<line number="982" hits="0"/>
						<line number="983" hits="0"/>
						<line number="984" hits="0"/>
						<line number="986" hits="0"/>
						<line number="988" hits="0" branch="true" condition-coverage="0% (0/2)" missing-branches="exit,989"/>
						<line number="989" hits="0"/>
						<line number="990" hits="0"/>
						<line number="991" hits="0" branch="true" condition-coverage="0% (0/2)" missing-branches="988,992"/>
						<line number="992" hits="0"/>
						<line number="993" hits="0"/>
						<line number="994" hits="0" branch="true" condition-coverage="0% (0/2)" missing-branches="995,997"/>
						<line number="995" hits="0"/>
						<line number="996" hits="0"/>
						<line number="997" hits="0"/>
						<line number="998" hits="0"/>
						<line number="999" hits="0"/>
						<line number="1001" hits="0"/>
						<line number="1008" hits="0" branch="true" condition-coverage="0% (0/2)" missing-branches="1009,1013"/>
						<line number="1009" hits="0"/>
						<line number="1010" hits="0"/>
						<line number="1013" hits="0"/>
						<line number="1017" hits="0"/>
						<line number="1018" hits="0"/>
						<line number="1023" hits="0" branch="true" condition-coverage="0% (0/2)" missing-branches="exit,1024"/>
						<line number="1024" hits="0"/>
						<line number="1026" hits="0"/>
						<line number="1032" hits="0" branch="true" condition-coverage="0% (0/2)" missing-branches="exit,1033"/>
						<line number="1033" hits="0"/>
						<line number="1034" hits="0"/>
						<line number="1035" hits="0"/>
						<line number="1036" hits="0"/>
						<line number="1037" hits="0"/>
						<line number="1038" hits="0"/>
						<line number="1040" hits="0"/>
						<line number="1046" hits="0" branch="true" condition-coverage="0% (0/2)" missing-branches="exit,1047"/>
						<line number="1047" hits="0"/>
						<line number="1048" hits="0"/>
						<line number="1049" hits="0"/>
						<line number="1050" hits="0"/>
						<line number="1054" hits="0"/>
						<line number="1056" hits="0"/>
						<line number="1057" hits="0"/>
						<line number="1060" hits="0"/>
						<line number="1062" hits="0"/>
						<line number="1064" hits="0" branch="true" condition-coverage="0% (0/2)" missing-branches="1065,1070"/>
						<line number="1065" hits="0"/>
						<line number="1066" hits="0"/>
						<line number="1067" hits="0"/>
						<line number="1070" hits="0"/>
						<line number="1076" hits="0"/>
						<line number="1079" hits="0" branch="true" condition-coverage="0% (0/2)" missing-branches="1080,1083"/>
						<line number="1080" hits="0"/>
						<line number="1081" hits="0"/>
						<line number="1083" hits="0"/>
						<line number="1084" hits="0"/>
						<line number="1085" hits="0" branch="true" condition-coverage="0% (0/2)" missing-branches="1086,1089"/>
						<line number="1086" hits="0"/>
						<line number="1087" hits="0"/>
						<line number="1089" hits="0" branch="true" condition-coverage="0% (0/2)" missing-branches="1090,1092"/>
						<line number="1090" hits="0"/>
						<line number="1092" hits="0"/>
						<line number="1094" hits="0"/>
						<line number="1096" hits="0"/>
						<line number="1097" hits="0"/>
						<line number="1098" hits="0" branch="true" condition-coverage="0% (0/2)" missing-branches="1099,1103"/>
						<line number="1099" hits="0"/>
						<line number="1103" hits="0" branch="true" condition-coverage="0% (0/2)" missing-branches="1104,1106"/>
						<line number="1104" hits="0"/>
						<line number="1106" hits="0"/>
						<line number="1107" hits="0"/>
						<line number="1108" hits="0"/>
						<line number="1110" hits="0"/>
						<line number="1112" hits="0" branch="true" condition-coverage="0% (0/2)" missing-branches="exit,1113"/>
						<line number="1113" hits="0"/>
						<line number="1115" hits="0"/>
						<line number="1117" hits="0"/>
						<line number="1118" hits="0" branch="true" condition-coverage="0% (0/2)" missing-branches="1119,1125"/>
						<line number="1119" hits="0"/>
						<line number="1125" hits="0" branch="true" condition-coverage="0% (0/2)" missing-branches="1126,1132"/>
						<line number="1126" hits="0"/>
						<line number="1132" hits="0"/>
						<line number="1133" hits="0" branch="true" condition-coverage="0% (0/2)" missing-branches="1134,1140"/>
						<line number="1134" hits="0"/>
						<line number="1140" hits="0" branch="true" condition-coverage="0% (0/2)" missing-branches="exit,1141"/>
						<line number="1141" hits="0"/>
						<line number="1147" hits="0"/>
						<line number="1149" hits="0"/>
						<line number="1151" hits="0" branch="true" condition-coverage="0% (0/2)" missing-branches="exit,1157"/>
						<line number="1157" hits="0"/>
						<line number="1159" hits="0"/>
						<line number="1161" hits="0" branch="true" condition-coverage="0% (0/2)" missing-branches="1162,1165"/>
						<line number="1162" hits="0"/>
						<line number="1165" hits="0" branch="true" condition-coverage="0% (0/2)" missing-branches="1166,1168"/>
						<line number="1166" hits="0"/>
						<line number="1168" hits="0"/>
						<line number="1169" hits="0"/>
						<line number="1170" hits="0"/>
						<line number="1171" hits="0"/>
						<line number="1173" hits="0"/>
						<line number="1175" hits="0" branch="true" condition-coverage="0% (0/2)" missing-branches="1176,1179"/>
						<line number="1176" hits="0"/>
						<line number="1179" hits="0" branch="true" condition-coverage="0% (0/2)" missing-branches="1180,1182"/>
						<line number="1180" hits="0"/>
						<line number="1182" hits="0"/>
						<line number="1183" hits="0"/>
						<line number="1185" hits="0"/>
						<line number="1186" hits="0"/>
						<line number="1187" hits="0"/>
						<line number="1189" hits="0"/>
						<line number="1191" hits="0" branch="true" condition-coverage="0% (0/2)" missing-branches="1194,1196"/>
						<line number="1194" hits="0"/>
						<line number="1196" hits="0"/>
						<line number="1198" hits="0"/>
						<line number="1199" hits="0"/>
						<line number="1200" hits="0"/>
						<line number="1203" hits="0"/>
						<line number="1204" hits="0"/>
						<line number="1205" hits="0"/>
						<line number="1206" hits="0"/>
						<line number="1207" hits="0"/>
						<line number="1208" hits="0"/>
						<line number="1210" hits="0"/>
						<line number="1211" hits="0"/>
						<line number="1212" hits="0"/>
						<line number="1215" hits="0"/>
						<line number="1219" hits="0"/>
						<line number="1220" hits="0"/>
						<line number="1221" hits="0"/>
						<line number="1222" hits="0"/>
						<line number="1223" hits="0"/>
						<line number="1224" hits="0"/>
						<line number="1225" hits="0"/>
						<line number="1227" hits="0"/>
						<line number="1228" hits="0" branch="true" condition-coverage="0% (0/2)" missing-branches="1233,1235"/>
						<line number="1233" hits="0"/>
						<line number="1235" hits="0" branch="true" condition-coverage="0% (0/2)" missing-branches="exit,1236"/>
						<line number="1236" hits="0"/>
						<line number="1237" hits="0"/>
						<line number="1238" hits="0"/>
						<line number="1239" hits="0"/>
						<line number="1243" hits="0"/>
						<line number="1244" hits="0"/>
						<line number="1245" hits="0"/>
						<line number="1246" hits="0"/>
						<line number="1249" hits="0" branch="true" condition-coverage="0% (0/2)" missing-branches="1250,1271"/>
						<line number="1250" hits="0"/>
						<line number="1251" hits="0"/>
						<line number="1253" hits="0" branch="true" condition-coverage="0% (0/2)" missing-branches="1254,1262"/>
						<line number="1254" hits="0"/>
						<line number="1257" hits="0"/>
						<line number="1258" hits="0"/>
						<line number="1261" hits="0"/>
						<line number="1262" hits="0"/>
						<line number="1263" hits="0"/>
						<line number="1264" hits="0"/>
						<line number="1265" hits="0"/>
						<line number="1268" hits="0"/>
						<line number="1271" hits="0"/>
						<line number="1272" hits="0"/>
						<line number="1274" hits="0"/>
						<line number="1277" hits="0" branch="true" condition-coverage="0% (0/2)" missing-branches="1278,1280"/>
						<line number="1278" hits="0"/>
						<line number="1280" hits="0" branch="true" condition-coverage="0% (0/2)" missing-branches="1281,1284"/>
						<line number="1281" hits="0"/>
						<line number="1284" hits="0"/>
						<line number="1286" hits="0"/>
						<line number="1288" hits="0"/>
						<line number="1289" hits="0"/>
						<line number="1290" hits="0" branch="true" condition-coverage="0% (0/2)" missing-branches="1291,1293"/>
						<line number="1291" hits="0"/>
						<line number="1293" hits="0"/>
						<line number="1294" hits="0" branch="true" condition-coverage="0% (0/2)" missing-branches="exit,1295"/>
						<line number="1295" hits="0"/>
						<line number="1297" hits="0"/>
						<line number="1303" hits="0" branch="true" condition-coverage="0% (0/2)" missing-branches="1304,1306"/>
						<line number="1304" hits="0"/>
						<line number="1306" hits="0"/>
						<line number="1307" hits="0"/>
						<line number="1308" hits="0" branch="true" condition-coverage="0% (0/2)" missing-branches="1309,1311"/>
						<line number="1309" hits="0"/>
						<line number="1311" hits="0"/>
						<line number="1312" hits="0"/>
						<line number="1313" hits="0"/>
						<line number="1314" hits="0"/>
						<line number="1316" hits="0"/>
						<line number="1318" hits="0"/>
						<line number="1319" hits="0"/>
						<line number="1321" hits="0" branch="true" condition-coverage="0% (0/2)" missing-branches="1322,1324"/>
						<line number="1322" hits="0"/>
						<line number="1324" hits="0"/>
						<line number="1326" hits="0" branch="true" condition-coverage="0% (0/2)" missing-branches="1327,1330"/>
						<line number="1327" hits="0"/>
						<line number="1328" hits="0"/>
						<line number="1330" hits="0"/>
						<line number="1331" hits="0"/>
						<line number="1333" hits="0"/>
						<line number="1339" hits="0"/>
						<line number="1340" hits="0"/>
						<line number="1341" hits="0"/>
						<line number="1344" hits="0" branch="true" condition-coverage="0% (0/2)" missing-branches="exit,1345"/>
						<line number="1345" hits="0"/>
						<line number="1347" hits="0"/>
						<line number="1353" hits="0"/>
						<line number="1354" hits="0"/>
						<line number="1355" hits="0"/>
						<line number="1358" hits="0" branch="true" condition-coverage="0% (0/2)" missing-branches="exit,1359"/>
						<line number="1359" hits="0"/>
						<line number="1361" hits="0"/>
						<line number="1363" hits="0"/>
						<line number="1364" hits="0"/>
						<line number="1365" hits="0"/>
						<line number="1370" hits="0"/>
						<line number="1371" hits="0"/>
						<line number="1372" hits="0"/>
						<line number="1373" hits="0"/>
						<line number="1374" hits="0"/>
						<line number="1376" hits="0"/>
						<line number="1378" hits="0" branch="true" condition-coverage="0% (0/2)" missing-branches="1379,1381"/>
						<line number="1379" hits="0"/>
						<line number="1381" hits="0" branch="true" condition-coverage="0% (0/2)" missing-branches="exit,exit"/>
						<line number="1383" hits="0"/>
						<line number="1385" hits="0"/>
						<line number="1386" hits="0"/>
						<line number="1387" hits="0" branch="true" condition-coverage="0% (0/2)" missing-branches="1388,1390"/>
						<line number="1388" hits="0"/>
						<line number="1390" hits="0"/>
						<line number="1392" hits="0"/>
						<line number="1394" hits="0"/>
						<line number="1399" hits="0"/>
						<line number="1405" hits="0"/>
						<line number="1406" hits="0"/>
						<line number="1408" hits="0"/>
						<line number="1414" hits="0"/>
						<line number="1415" hits="0"/>
						<line number="1416" hits="0"/>
						<line number="1418" hits="0"/>
						<line number="1424" hits="0"/>
						<line number="1425" hits="0"/>
						<line number="1426" hits="0"/>
						<line number="1428" hits="0"/>
						<line number="1429" hits="0" branch="true" condition-coverage="0% (0/2)" missing-branches="1430,1431"/>
						<line number="1430" hits="0"/>
						<line number="1431" hits="0" branch="true" condition-coverage="0% (0/2)" missing-branches="exit,1432"/>
						<line number="1432" hits="0"/>
						<line number="1434" hits="0"/>
						<line number="1435" hits="0" branch="true" condition-coverage="0% (0/2)" missing-branches="1436,1437"/>
						<line number="1436" hits="0"/>
						<line number="1437" hits="0"/>
						<line number="1438" hits="0"/>
						<line number="1440" hits="0"/>
						<line number="1446" hits="0"/>
						<line number="1448" hits="0" branch="true" condition-coverage="0% (0/2)" missing-branches="exit,1449"/>
						<line number="1449" hits="0"/>
						<line number="1453" hits="0"/>
						<line number="1455" hits="0"/>
						<line number="1456" hits="0"/>
						<line number="1458" hits="0"/>
						<line number="1460" hits="0"/>
						<line number="1461" hits="0"/>
						<line number="1463" hits="0"/>
						<line number="1467" hits="0"/>
						<line number="1468" hits="0"/>
						<line number="1469" hits="0"/>
						<line number="1470" hits="0"/>
						<line number="1472" hits="0"/>
						<line number="1475" hits="0"/>
						<line number="1476" hits="0" branch="true" condition-coverage="0% (0/2)" missing-branches="1477,1484"/>
						<line number="1477" hits="0"/>
						<line number="1480" hits="0"/>
						<line number="1481" hits="0"/>
						<line number="1484" hits="0" branch="true" condition-coverage="0% (0/2)" missing-branches="1485,1490"/>
						<line number="1485" hits="0"/>
						<line number="1488" hits="0"/>
						<line number="1490" hits="0"/>
						<line number="1492" hits="0"/>
						<line number="1493" hits="0"/>
						<line number="1495" hits="0"/>
						<line number="1497" hits="0"/>
						<line number="1498" hits="0"/>
						<line number="1500" hits="0"/>
						<line number="1502" hits="0"/>
						<line number="1504" hits="0" branch="true" condition-coverage="0% (0/2)" missing-branches="1505,1509"/>
						<line number="1505" hits="0"/>
						<line number="1509" hits="0" branch="true" condition-coverage="0% (0/2)" missing-branches="1510,1514"/>
						<line number="1510" hits="0"/>
						<line number="1514" hits="0"/>
						<line number="1516" hits="0"/>
						<line number="1518" hits="0" branch="true" condition-coverage="0% (0/2)" missing-branches="1519,1529"/>
						<line number="1519" hits="0"/>
						<line number="1522" hits="0"/>
						<line number="1527" hits="0"/>
						<line number="1529" hits="0" branch="true" condition-coverage="0% (0/2)" missing-branches="1533,1543"/>
						<line number="1533" hits="0"/>
						<line number="1536" hits="0"/>
						<line number="1541" hits="0"/>
						<line number="1543" hits="0" branch="true" condition-coverage="0% (0/2)" missing-branches="1544,1547"/>
						<line number="1544" hits="0"/>
						<line number="1545" hits="0"/>
						<line number="1547" hits="0"/>
						<line number="1549" hits="0"/>
						<line number="1551" hits="0"/>
						<line number="1553" hits="0"/>
						<line number="1559" hits="0" branch="true" condition-coverage="0% (0/2)" missing-branches="1560,1562"/>
						<line number="1560" hits="0"/>
						<line number="1562" hits="0"/>
						<line number="1564" hits="0"/>
						<line number="1568" hits="0"/>
						<line number="1571" hits="0"/>
						<line number="1574" hits="0"/>
						<line number="1575" hits="0" branch="true" condition-coverage="0% (0/2)" missing-branches="1576,1587"/>
						<line number="1576" hits="0"/>
						<line number="1577" hits="0"/>
						<line number="1581" hits="0"/>
						<line number="1582" hits="0" branch="true" condition-coverage="0% (0/2)" missing-branches="1583,1587"/>
						<line number="1583" hits="0"/>
						<line number="1587" hits="0" branch="true" condition-coverage="0% (0/2)" missing-branches="1588,1600"/>
						<line number="1588" hits="0"/>
						<line number="1591" hits="0"/>
						<line number="1596" hits="0"/>
						<line number="1600" hits="0" branch="true" condition-coverage="0% (0/2)" missing-branches="exit,1602"/>
						<line number="1602" hits="0"/>
						<line number="1606" hits="0"/>
						<line number="1608" hits="0" branch="true" condition-coverage="0% (0/2)" missing-branches="1609,1614"/>
						<line number="1609" hits="0"/>
						<line number="1612" hits="0"/>
						<line number="1614" hits="0"/>
						<line number="1616" hits="0"/>
						<line number="1618" hits="0" branch="true" condition-coverage="0% (0/2)" missing-branches="1619,1621"/>
						<line number="1619" hits="0"/>
						<line number="1621" hits="0" branch="true" condition-coverage="0% (0/2)" missing-branches="1622,1624"/>
						<line number="1622" hits="0"/>
						<line number="1624" hits="0" branch="true" condition-coverage="0% (0/2)" missing-branches="exit,1625"/>
						<line number="1625" hits="0"/>
						<line number="1630" hits="0"/>
						<line number="1634" hits="0"/>
						<line number="1638" hits="0"/>
						<line number="1642" hits="0" branch="true" condition-coverage="0% (0/2)" missing-branches="exit,1643"/>
						<line number="1643" hits="0"/>
					</lines>
				</class>
				<class name="config.py" filename="src/config.py" complexity="0" line-rate="1" branch-rate="1">
					<methods/>
					<lines>
						<line number="6" hits="1"/>
						<line number="8" hits="1"/>
						<line number="10" hits="1"/>
						<line number="13" hits="1"/>
						<line number="16" hits="1"/>
						<line number="17" hits="1"/>
						<line number="18" hits="1"/>
						<line number="19" hits="1"/>
						<line number="20" hits="1"/>
						<line number="21" hits="1"/>
						<line number="22" hits="1"/>
						<line number="23" hits="1"/>
						<line number="24" hits="1"/>
						<line number="27" hits="1"/>
						<line number="30" hits="1"/>
						<line number="31" hits="1"/>
						<line number="33" hits="1"/>
						<line number="36" hits="1"/>
						<line number="37" hits="1"/>
						<line number="38" hits="1"/>
						<line number="40" hits="1"/>
						<line number="43" hits="1"/>
						<line number="44" hits="1"/>
						<line number="46" hits="1"/>
						<line number="49" hits="1"/>
						<line number="50" hits="1"/>
						<line number="52" hits="1"/>
						<line number="55" hits="1"/>
						<line number="56" hits="1"/>
						<line number="59" hits="1"/>
						<line number="60" hits="1"/>
						<line number="61" hits="1"/>
						<line number="62" hits="1"/>
						<line number="63" hits="1"/>
						<line number="65" hits="1"/>
						<line number="68" hits="1"/>
						<line number="69" hits="1"/>
						<line number="70" hits="1"/>
						<line number="72" hits="1"/>
						<line number="73" hits="1"/>
						<line number="74" hits="1"/>
						<line number="75" hits="1"/>
						<line number="76" hits="1"/>
						<line number="77" hits="1"/>
						<line number="78" hits="1"/>
						<line number="79" hits="1"/>
						<line number="81" hits="1"/>
						<line number="84" hits="1"/>
						<line number="85" hits="1"/>
						<line number="86" hits="1"/>
						<line number="87" hits="1"/>
						<line number="88" hits="1"/>
						<line number="89" hits="1"/>
						<line number="90" hits="1"/>
						<line number="91" hits="1"/>
						<line number="92" hits="1"/>
						<line number="94" hits="1"/>
						<line number="97" hits="1"/>
						<line number="98" hits="1"/>
						<line number="99" hits="1"/>
						<line number="100" hits="1"/>
						<line number="102" hits="1"/>
						<line number="105" hits="1"/>
						<line number="106" hits="1"/>
						<line number="107" hits="1"/>
						<line number="108" hits="1"/>
						<line number="109" hits="1"/>
						<line number="110" hits="1"/>
						<line number="112" hits="1"/>
						<line number="118" hits="1"/>
						<line number="121" hits="1"/>
						<line number="123" hits="1"/>
						<line number="126" hits="1"/>
						<line number="127" hits="1"/>
						<line number="129" hits="1"/>
						<line number="132" hits="1"/>
					</lines>
				</class>
				<class name="exceptions.py" filename="src/exceptions.py" complexity="0" line-rate="0" branch-rate="1">
					<methods/>
					<lines>
						<line number="7" hits="0"/>
						<line number="11" hits="0"/>
						<line number="15" hits="0"/>
						<line number="19" hits="0"/>
						<line number="23" hits="0"/>
						<line number="27" hits="0"/>
						<line number="31" hits="0"/>
						<line number="35" hits="0"/>
					</lines>
				</class>
				<class name="machine_helpers.py" filename="src/machine_helpers.py" complexity="0" line-rate="0" branch-rate="0">
					<methods/>
					<lines>
						<line number="5" hits="0"/>
						<line number="7" hits="0"/>
						<line number="8" hits="0"/>
						<line number="15" hits="0"/>
						<line number="17" hits="0"/>
						<line number="19" hits="0"/>
						<line number="21" hits="0"/>
						<line number="22" hits="0"/>
						<line number="23" hits="0"/>
						<line number="26" hits="0"/>
						<line number="32" hits="0"/>
						<line number="33" hits="0"/>
						<line number="35" hits="0" branch="true" condition-coverage="0% (0/2)" missing-branches="exit,36"/>
						<line number="36" hits="0"/>
						<line number="37" hits="0"/>
						<line number="40" hits="0"/>
						<line number="51" hits="0"/>
						<line number="53" hits="0" branch="true" condition-coverage="0% (0/2)" missing-branches="54,56"/>
						<line number="54" hits="0"/>
						<line number="56" hits="0"/>
						<line number="63" hits="0" branch="true" condition-coverage="0% (0/2)" missing-branches="64,66"/>
						<line number="64" hits="0"/>
						<line number="66" hits="0"/>
						<line number="70" hits="0" branch="true" condition-coverage="0% (0/2)" missing-branches="exit,71"/>
						<line number="71" hits="0"/>
					</lines>
				</class>
				<class name="status_exception.py" filename="src/status_exception.py" complexity="0" line-rate="0" branch-rate="1">
					<methods/>
					<lines>
						<line number="6" hits="0"/>
						<line number="9" hits="0"/>
						<line number="12" hits="0"/>
						<line number="13" hits="0"/>
						<line number="14" hits="0"/>
					</lines>
				</class>
			</classes>
		</package>
	</packages>
</coverage>
